2025-11-25 19:03:53,587 [trainer.py] => config: ./exps/simplecil.json
2025-11-25 19:03:53,587 [trainer.py] => prefix: reproduce
2025-11-25 19:03:53,587 [trainer.py] => dataset: cifar224
2025-11-25 19:03:53,587 [trainer.py] => memory_size: 0
2025-11-25 19:03:53,587 [trainer.py] => memory_per_class: 0
2025-11-25 19:03:53,587 [trainer.py] => fixed_memory: False
2025-11-25 19:03:53,587 [trainer.py] => shuffle: True
2025-11-25 19:03:53,587 [trainer.py] => init_cls: 10
2025-11-25 19:03:53,587 [trainer.py] => increment: 10
2025-11-25 19:03:53,587 [trainer.py] => model_name: simplecil
2025-11-25 19:03:53,587 [trainer.py] => convnet_type: clip
2025-11-25 19:03:53,587 [trainer.py] => device: [device(type='cuda', index=0)]
2025-11-25 19:03:53,587 [trainer.py] => seed: 1993
2025-11-25 19:07:45,259 [trainer.py] => config: ./exps/simplecil.json
2025-11-25 19:07:45,259 [trainer.py] => prefix: reproduce
2025-11-25 19:07:45,259 [trainer.py] => dataset: cifar224
2025-11-25 19:07:45,259 [trainer.py] => memory_size: 0
2025-11-25 19:07:45,259 [trainer.py] => memory_per_class: 0
2025-11-25 19:07:45,259 [trainer.py] => fixed_memory: False
2025-11-25 19:07:45,259 [trainer.py] => shuffle: True
2025-11-25 19:07:45,259 [trainer.py] => init_cls: 10
2025-11-25 19:07:45,259 [trainer.py] => increment: 10
2025-11-25 19:07:45,259 [trainer.py] => model_name: simplecil
2025-11-25 19:07:45,259 [trainer.py] => convnet_type: clip
2025-11-25 19:07:45,259 [trainer.py] => device: [device(type='cuda', index=0)]
2025-11-25 19:07:45,259 [trainer.py] => seed: 1993
2025-11-25 19:09:26,612 [trainer.py] => config: ./exps/simplecil.json
2025-11-25 19:09:26,612 [trainer.py] => prefix: reproduce
2025-11-25 19:09:26,612 [trainer.py] => dataset: cifar224
2025-11-25 19:09:26,612 [trainer.py] => memory_size: 0
2025-11-25 19:09:26,612 [trainer.py] => memory_per_class: 0
2025-11-25 19:09:26,612 [trainer.py] => fixed_memory: False
2025-11-25 19:09:26,612 [trainer.py] => shuffle: True
2025-11-25 19:09:26,612 [trainer.py] => init_cls: 10
2025-11-25 19:09:26,612 [trainer.py] => increment: 10
2025-11-25 19:09:26,612 [trainer.py] => model_name: simplecil
2025-11-25 19:09:26,612 [trainer.py] => convnet_type: clip
2025-11-25 19:09:26,612 [trainer.py] => device: [device(type='cuda', index=0)]
2025-11-25 19:09:26,612 [trainer.py] => seed: 1993
2025-11-25 19:10:08,194 [data_manager.py] => [68, 56, 78, 8, 23, 84, 90, 65, 74, 76, 40, 89, 3, 92, 55, 9, 26, 80, 43, 38, 58, 70, 77, 1, 85, 19, 17, 50, 28, 53, 13, 81, 45, 82, 6, 59, 83, 16, 15, 44, 91, 41, 72, 60, 79, 52, 20, 10, 31, 54, 37, 95, 14, 71, 96, 98, 97, 2, 64, 66, 42, 22, 35, 86, 24, 34, 87, 21, 99, 0, 88, 27, 18, 94, 11, 12, 47, 25, 30, 46, 62, 69, 36, 61, 7, 63, 75, 5, 32, 4, 51, 48, 73, 93, 39, 67, 29, 49, 57, 33]
2025-11-25 19:11:00,143 [trainer.py] => config: ./exps/simplecil.json
2025-11-25 19:11:00,143 [trainer.py] => prefix: reproduce
2025-11-25 19:11:00,143 [trainer.py] => dataset: cifar224
2025-11-25 19:11:00,143 [trainer.py] => memory_size: 0
2025-11-25 19:11:00,143 [trainer.py] => memory_per_class: 0
2025-11-25 19:11:00,143 [trainer.py] => fixed_memory: False
2025-11-25 19:11:00,143 [trainer.py] => shuffle: True
2025-11-25 19:11:00,143 [trainer.py] => init_cls: 10
2025-11-25 19:11:00,143 [trainer.py] => increment: 10
2025-11-25 19:11:00,143 [trainer.py] => model_name: simplecil
2025-11-25 19:11:00,143 [trainer.py] => convnet_type: clip
2025-11-25 19:11:00,143 [trainer.py] => device: [device(type='cuda', index=0)]
2025-11-25 19:11:00,143 [trainer.py] => seed: 1993
2025-11-25 19:11:01,227 [data_manager.py] => [68, 56, 78, 8, 23, 84, 90, 65, 74, 76, 40, 89, 3, 92, 55, 9, 26, 80, 43, 38, 58, 70, 77, 1, 85, 19, 17, 50, 28, 53, 13, 81, 45, 82, 6, 59, 83, 16, 15, 44, 91, 41, 72, 60, 79, 52, 20, 10, 31, 54, 37, 95, 14, 71, 96, 98, 97, 2, 64, 66, 42, 22, 35, 86, 24, 34, 87, 21, 99, 0, 88, 27, 18, 94, 11, 12, 47, 25, 30, 46, 62, 69, 36, 61, 7, 63, 75, 5, 32, 4, 51, 48, 73, 93, 39, 67, 29, 49, 57, 33]
2025-11-25 19:11:01,564 [instantiator.py] => Created a temporary directory at /tmp/tmp2sixrajl
2025-11-25 19:11:01,569 [instantiator.py] => Writing /tmp/tmp2sixrajl/_remote_module_non_sriptable.py
2025-11-25 19:11:01,700 [factory.py] => Loaded ViT-B-16 model config.
2025-11-25 19:32:09,144 [factory.py] => Loading pretrained ViT-B-16 weights (laion400m_e32).
2025-11-25 19:32:10,156 [factory.py] => Loaded ViT-B-16 model config.
2025-11-25 19:32:11,654 [factory.py] => Loading pretrained ViT-B-16 weights (laion400m_e32).
2025-11-25 19:32:11,977 [trainer.py] => All params: 149620737
2025-11-25 19:32:11,978 [trainer.py] => Trainable params: 149620737
2025-11-25 19:32:23,487 [simplecil.py] => Learning on 0-10
2025-11-25 19:35:12,415 [trainer.py] => config: ./exps/simplecil.json
2025-11-25 19:35:12,415 [trainer.py] => prefix: reproduce
2025-11-25 19:35:12,415 [trainer.py] => dataset: cifar224
2025-11-25 19:35:12,415 [trainer.py] => memory_size: 0
2025-11-25 19:35:12,415 [trainer.py] => memory_per_class: 0
2025-11-25 19:35:12,415 [trainer.py] => fixed_memory: False
2025-11-25 19:35:12,415 [trainer.py] => shuffle: True
2025-11-25 19:35:12,415 [trainer.py] => init_cls: 10
2025-11-25 19:35:12,415 [trainer.py] => increment: 10
2025-11-25 19:35:12,415 [trainer.py] => model_name: simplecil
2025-11-25 19:35:12,415 [trainer.py] => convnet_type: clip
2025-11-25 19:35:12,415 [trainer.py] => device: [device(type='cuda', index=0)]
2025-11-25 19:35:12,415 [trainer.py] => seed: 1993
2025-11-25 19:35:13,547 [data_manager.py] => [68, 56, 78, 8, 23, 84, 90, 65, 74, 76, 40, 89, 3, 92, 55, 9, 26, 80, 43, 38, 58, 70, 77, 1, 85, 19, 17, 50, 28, 53, 13, 81, 45, 82, 6, 59, 83, 16, 15, 44, 91, 41, 72, 60, 79, 52, 20, 10, 31, 54, 37, 95, 14, 71, 96, 98, 97, 2, 64, 66, 42, 22, 35, 86, 24, 34, 87, 21, 99, 0, 88, 27, 18, 94, 11, 12, 47, 25, 30, 46, 62, 69, 36, 61, 7, 63, 75, 5, 32, 4, 51, 48, 73, 93, 39, 67, 29, 49, 57, 33]
2025-11-25 19:35:14,115 [instantiator.py] => Created a temporary directory at /tmp/tmpppw7uzv9
2025-11-25 19:35:14,116 [instantiator.py] => Writing /tmp/tmpppw7uzv9/_remote_module_non_sriptable.py
2025-11-25 19:35:14,242 [factory.py] => Loaded ViT-B-16 model config.
2025-11-25 19:35:15,787 [factory.py] => Loading pretrained ViT-B-16 weights (laion400m_e32).
2025-11-25 19:35:16,051 [factory.py] => Loaded ViT-B-16 model config.
2025-11-25 19:35:17,168 [factory.py] => Loading pretrained ViT-B-16 weights (laion400m_e32).
2025-11-25 19:35:17,452 [trainer.py] => All params: 149620737
2025-11-25 19:35:17,453 [trainer.py] => Trainable params: 149620737
2025-11-25 19:35:26,267 [simplecil.py] => Learning on 0-10
2025-11-25 19:36:16,219 [trainer.py] => config: ./exps/simplecil.json
2025-11-25 19:36:16,219 [trainer.py] => prefix: reproduce
2025-11-25 19:36:16,219 [trainer.py] => dataset: cifar224
2025-11-25 19:36:16,220 [trainer.py] => memory_size: 0
2025-11-25 19:36:16,220 [trainer.py] => memory_per_class: 0
2025-11-25 19:36:16,220 [trainer.py] => fixed_memory: False
2025-11-25 19:36:16,220 [trainer.py] => shuffle: True
2025-11-25 19:36:16,220 [trainer.py] => init_cls: 10
2025-11-25 19:36:16,220 [trainer.py] => increment: 10
2025-11-25 19:36:16,220 [trainer.py] => model_name: simplecil
2025-11-25 19:36:16,220 [trainer.py] => convnet_type: clip
2025-11-25 19:36:16,220 [trainer.py] => device: [device(type='cuda', index=0)]
2025-11-25 19:36:16,220 [trainer.py] => seed: 1993
2025-11-25 19:36:17,396 [data_manager.py] => [68, 56, 78, 8, 23, 84, 90, 65, 74, 76, 40, 89, 3, 92, 55, 9, 26, 80, 43, 38, 58, 70, 77, 1, 85, 19, 17, 50, 28, 53, 13, 81, 45, 82, 6, 59, 83, 16, 15, 44, 91, 41, 72, 60, 79, 52, 20, 10, 31, 54, 37, 95, 14, 71, 96, 98, 97, 2, 64, 66, 42, 22, 35, 86, 24, 34, 87, 21, 99, 0, 88, 27, 18, 94, 11, 12, 47, 25, 30, 46, 62, 69, 36, 61, 7, 63, 75, 5, 32, 4, 51, 48, 73, 93, 39, 67, 29, 49, 57, 33]
2025-11-25 19:36:17,912 [instantiator.py] => Created a temporary directory at /tmp/tmp_61xp3_n
2025-11-25 19:36:17,912 [instantiator.py] => Writing /tmp/tmp_61xp3_n/_remote_module_non_sriptable.py
2025-11-25 19:36:18,036 [factory.py] => Loaded ViT-B-16 model config.
2025-11-25 19:36:19,647 [factory.py] => Loading pretrained ViT-B-16 weights (laion400m_e32).
2025-11-25 19:36:19,915 [factory.py] => Loaded ViT-B-16 model config.
2025-11-25 19:36:21,154 [factory.py] => Loading pretrained ViT-B-16 weights (laion400m_e32).
2025-11-25 19:36:21,480 [trainer.py] => All params: 149620737
2025-11-25 19:36:21,480 [trainer.py] => Trainable params: 149620737
2025-11-25 19:36:29,617 [simplecil.py] => Learning on 0-10
