2025-11-25 21:01:22,180 [trainer.py] => config: ./exps/adapter.json
2025-11-25 21:01:22,181 [trainer.py] => prefix: reproduce
2025-11-25 21:01:22,181 [trainer.py] => dataset: cifar224
2025-11-25 21:01:22,181 [trainer.py] => fixed_memory: False
2025-11-25 21:01:22,181 [trainer.py] => shuffle: True
2025-11-25 21:01:22,181 [trainer.py] => init_cls: 10
2025-11-25 21:01:22,181 [trainer.py] => increment: 10
2025-11-25 21:01:22,181 [trainer.py] => model_name: adapter_clip
2025-11-25 21:01:22,181 [trainer.py] => convnet_type: clip
2025-11-25 21:01:22,181 [trainer.py] => device: [device(type='cuda', index=0)]
2025-11-25 21:01:22,181 [trainer.py] => seed: 1993
2025-11-25 21:01:37,260 [trainer.py] => config: ./exps/adapter.json
2025-11-25 21:01:37,260 [trainer.py] => prefix: reproduce
2025-11-25 21:01:37,260 [trainer.py] => dataset: cifar224
2025-11-25 21:01:37,260 [trainer.py] => fixed_memory: False
2025-11-25 21:01:37,260 [trainer.py] => shuffle: True
2025-11-25 21:01:37,260 [trainer.py] => init_cls: 10
2025-11-25 21:01:37,260 [trainer.py] => increment: 10
2025-11-25 21:01:37,260 [trainer.py] => model_name: adapter_clip
2025-11-25 21:01:37,261 [trainer.py] => convnet_type: clip
2025-11-25 21:01:37,261 [trainer.py] => device: [device(type='cuda', index=0)]
2025-11-25 21:01:37,261 [trainer.py] => seed: 1993
2025-11-25 21:01:38,382 [data_manager.py] => [68, 56, 78, 8, 23, 84, 90, 65, 74, 76, 40, 89, 3, 92, 55, 9, 26, 80, 43, 38, 58, 70, 77, 1, 85, 19, 17, 50, 28, 53, 13, 81, 45, 82, 6, 59, 83, 16, 15, 44, 91, 41, 72, 60, 79, 52, 20, 10, 31, 54, 37, 95, 14, 71, 96, 98, 97, 2, 64, 66, 42, 22, 35, 86, 24, 34, 87, 21, 99, 0, 88, 27, 18, 94, 11, 12, 47, 25, 30, 46, 62, 69, 36, 61, 7, 63, 75, 5, 32, 4, 51, 48, 73, 93, 39, 67, 29, 49, 57, 33]
2025-11-25 21:01:58,387 [trainer.py] => config: ./exps/adapter.json
2025-11-25 21:01:58,387 [trainer.py] => prefix: reproduce
2025-11-25 21:01:58,387 [trainer.py] => dataset: cifar224
2025-11-25 21:01:58,387 [trainer.py] => fixed_memory: False
2025-11-25 21:01:58,387 [trainer.py] => shuffle: True
2025-11-25 21:01:58,387 [trainer.py] => init_cls: 10
2025-11-25 21:01:58,387 [trainer.py] => increment: 10
2025-11-25 21:01:58,387 [trainer.py] => model_name: adapter_clip
2025-11-25 21:01:58,387 [trainer.py] => convnet_type: clip
2025-11-25 21:01:58,387 [trainer.py] => device: [device(type='cuda', index=0)]
2025-11-25 21:01:58,387 [trainer.py] => seed: 1993
2025-11-25 21:01:59,510 [data_manager.py] => [68, 56, 78, 8, 23, 84, 90, 65, 74, 76, 40, 89, 3, 92, 55, 9, 26, 80, 43, 38, 58, 70, 77, 1, 85, 19, 17, 50, 28, 53, 13, 81, 45, 82, 6, 59, 83, 16, 15, 44, 91, 41, 72, 60, 79, 52, 20, 10, 31, 54, 37, 95, 14, 71, 96, 98, 97, 2, 64, 66, 42, 22, 35, 86, 24, 34, 87, 21, 99, 0, 88, 27, 18, 94, 11, 12, 47, 25, 30, 46, 62, 69, 36, 61, 7, 63, 75, 5, 32, 4, 51, 48, 73, 93, 39, 67, 29, 49, 57, 33]
2025-11-25 21:02:33,185 [trainer.py] => config: ./exps/adapter.json
2025-11-25 21:02:33,185 [trainer.py] => prefix: reproduce
2025-11-25 21:02:33,185 [trainer.py] => dataset: cifar224
2025-11-25 21:02:33,185 [trainer.py] => fixed_memory: False
2025-11-25 21:02:33,185 [trainer.py] => shuffle: True
2025-11-25 21:02:33,185 [trainer.py] => init_cls: 10
2025-11-25 21:02:33,186 [trainer.py] => increment: 10
2025-11-25 21:02:33,186 [trainer.py] => model_name: adapter_clip
2025-11-25 21:02:33,186 [trainer.py] => convnet_type: clip
2025-11-25 21:02:33,186 [trainer.py] => device: [device(type='cuda', index=0)]
2025-11-25 21:02:33,186 [trainer.py] => seed: 1993
2025-11-25 21:02:34,315 [data_manager.py] => [68, 56, 78, 8, 23, 84, 90, 65, 74, 76, 40, 89, 3, 92, 55, 9, 26, 80, 43, 38, 58, 70, 77, 1, 85, 19, 17, 50, 28, 53, 13, 81, 45, 82, 6, 59, 83, 16, 15, 44, 91, 41, 72, 60, 79, 52, 20, 10, 31, 54, 37, 95, 14, 71, 96, 98, 97, 2, 64, 66, 42, 22, 35, 86, 24, 34, 87, 21, 99, 0, 88, 27, 18, 94, 11, 12, 47, 25, 30, 46, 62, 69, 36, 61, 7, 63, 75, 5, 32, 4, 51, 48, 73, 93, 39, 67, 29, 49, 57, 33]
2025-11-25 21:03:09,530 [trainer.py] => config: ./exps/adapter.json
2025-11-25 21:03:09,530 [trainer.py] => prefix: reproduce
2025-11-25 21:03:09,530 [trainer.py] => dataset: cifar224
2025-11-25 21:03:09,530 [trainer.py] => memory_size: 0
2025-11-25 21:03:09,530 [trainer.py] => memory_per_class: 0
2025-11-25 21:03:09,530 [trainer.py] => fixed_memory: False
2025-11-25 21:03:09,530 [trainer.py] => shuffle: True
2025-11-25 21:03:09,530 [trainer.py] => init_cls: 10
2025-11-25 21:03:09,530 [trainer.py] => increment: 10
2025-11-25 21:03:09,530 [trainer.py] => model_name: adapter_clip
2025-11-25 21:03:09,530 [trainer.py] => convnet_type: clip
2025-11-25 21:03:09,530 [trainer.py] => device: [device(type='cuda', index=0)]
2025-11-25 21:03:09,530 [trainer.py] => seed: 1993
2025-11-25 21:03:10,577 [data_manager.py] => [68, 56, 78, 8, 23, 84, 90, 65, 74, 76, 40, 89, 3, 92, 55, 9, 26, 80, 43, 38, 58, 70, 77, 1, 85, 19, 17, 50, 28, 53, 13, 81, 45, 82, 6, 59, 83, 16, 15, 44, 91, 41, 72, 60, 79, 52, 20, 10, 31, 54, 37, 95, 14, 71, 96, 98, 97, 2, 64, 66, 42, 22, 35, 86, 24, 34, 87, 21, 99, 0, 88, 27, 18, 94, 11, 12, 47, 25, 30, 46, 62, 69, 36, 61, 7, 63, 75, 5, 32, 4, 51, 48, 73, 93, 39, 67, 29, 49, 57, 33]
2025-11-25 21:03:10,877 [instantiator.py] => Created a temporary directory at /tmp/tmpanby1exh
2025-11-25 21:03:10,878 [instantiator.py] => Writing /tmp/tmpanby1exh/_remote_module_non_sriptable.py
2025-11-25 21:03:11,007 [factory.py] => Loaded ViT-B-16 model config.
2025-11-25 21:03:12,831 [factory.py] => Loading pretrained ViT-B-16 weights (laion400m_e32).
2025-11-25 21:03:13,164 [factory.py] => Loaded ViT-B-16 model config.
2025-11-25 21:03:14,329 [factory.py] => Loading pretrained ViT-B-16 weights (laion400m_e32).
2025-11-25 21:03:53,416 [trainer.py] => config: ./exps/adapter.json
2025-11-25 21:03:53,416 [trainer.py] => prefix: reproduce
2025-11-25 21:03:53,416 [trainer.py] => dataset: cifar224
2025-11-25 21:03:53,416 [trainer.py] => memory_size: 0
2025-11-25 21:03:53,416 [trainer.py] => memory_per_class: 0
2025-11-25 21:03:53,416 [trainer.py] => fixed_memory: False
2025-11-25 21:03:53,416 [trainer.py] => shuffle: True
2025-11-25 21:03:53,416 [trainer.py] => init_cls: 10
2025-11-25 21:03:53,416 [trainer.py] => increment: 10
2025-11-25 21:03:53,416 [trainer.py] => model_name: adapter_clip
2025-11-25 21:03:53,416 [trainer.py] => convnet_type: clip
2025-11-25 21:03:53,416 [trainer.py] => device: [device(type='cuda', index=0)]
2025-11-25 21:03:53,416 [trainer.py] => seed: 1993
2025-11-25 21:03:54,476 [data_manager.py] => [68, 56, 78, 8, 23, 84, 90, 65, 74, 76, 40, 89, 3, 92, 55, 9, 26, 80, 43, 38, 58, 70, 77, 1, 85, 19, 17, 50, 28, 53, 13, 81, 45, 82, 6, 59, 83, 16, 15, 44, 91, 41, 72, 60, 79, 52, 20, 10, 31, 54, 37, 95, 14, 71, 96, 98, 97, 2, 64, 66, 42, 22, 35, 86, 24, 34, 87, 21, 99, 0, 88, 27, 18, 94, 11, 12, 47, 25, 30, 46, 62, 69, 36, 61, 7, 63, 75, 5, 32, 4, 51, 48, 73, 93, 39, 67, 29, 49, 57, 33]
2025-11-25 21:03:54,758 [instantiator.py] => Created a temporary directory at /tmp/tmpozvj60r0
2025-11-25 21:03:54,758 [instantiator.py] => Writing /tmp/tmpozvj60r0/_remote_module_non_sriptable.py
2025-11-25 21:03:54,865 [factory.py] => Loaded ViT-B-16 model config.
2025-11-25 21:03:56,425 [factory.py] => Loading pretrained ViT-B-16 weights (laion400m_e32).
2025-11-25 21:03:56,684 [factory.py] => Loaded ViT-B-16 model config.
2025-11-25 21:03:57,902 [factory.py] => Loading pretrained ViT-B-16 weights (laion400m_e32).
2025-11-25 21:03:58,259 [adapter_clip.py] => Using AdapterClipNet with adapter configuration
2025-11-25 21:03:58,260 [trainer.py] => All params: 149686849
2025-11-25 21:03:58,260 [trainer.py] => Trainable params: 66112
2025-11-25 21:03:58,260 [adapter_clip.py] => Learning on 0-10
2025-11-25 21:06:01,525 [trainer.py] => config: ./exps/adapter.json
2025-11-25 21:06:01,525 [trainer.py] => prefix: reproduce
2025-11-25 21:06:01,525 [trainer.py] => dataset: cifar224
2025-11-25 21:06:01,525 [trainer.py] => memory_size: 0
2025-11-25 21:06:01,526 [trainer.py] => memory_per_class: 0
2025-11-25 21:06:01,526 [trainer.py] => fixed_memory: False
2025-11-25 21:06:01,526 [trainer.py] => shuffle: True
2025-11-25 21:06:01,526 [trainer.py] => init_cls: 10
2025-11-25 21:06:01,526 [trainer.py] => increment: 10
2025-11-25 21:06:01,526 [trainer.py] => model_name: adapter_clip
2025-11-25 21:06:01,526 [trainer.py] => convnet_type: clip
2025-11-25 21:06:01,526 [trainer.py] => init_lr: 0.001
2025-11-25 21:06:01,526 [trainer.py] => batch_size: 64
2025-11-25 21:06:01,526 [trainer.py] => weight_decay: 0.05
2025-11-25 21:06:01,526 [trainer.py] => min_lr: 0
2025-11-25 21:06:01,526 [trainer.py] => optimizer: sgd
2025-11-25 21:06:01,526 [trainer.py] => device: [device(type='cuda', index=0)]
2025-11-25 21:06:01,526 [trainer.py] => seed: 1993
2025-11-25 21:06:02,639 [data_manager.py] => [68, 56, 78, 8, 23, 84, 90, 65, 74, 76, 40, 89, 3, 92, 55, 9, 26, 80, 43, 38, 58, 70, 77, 1, 85, 19, 17, 50, 28, 53, 13, 81, 45, 82, 6, 59, 83, 16, 15, 44, 91, 41, 72, 60, 79, 52, 20, 10, 31, 54, 37, 95, 14, 71, 96, 98, 97, 2, 64, 66, 42, 22, 35, 86, 24, 34, 87, 21, 99, 0, 88, 27, 18, 94, 11, 12, 47, 25, 30, 46, 62, 69, 36, 61, 7, 63, 75, 5, 32, 4, 51, 48, 73, 93, 39, 67, 29, 49, 57, 33]
2025-11-25 21:06:03,143 [instantiator.py] => Created a temporary directory at /tmp/tmpb_ekrm_n
2025-11-25 21:06:03,143 [instantiator.py] => Writing /tmp/tmpb_ekrm_n/_remote_module_non_sriptable.py
2025-11-25 21:06:03,241 [factory.py] => Loaded ViT-B-16 model config.
2025-11-25 21:06:04,942 [factory.py] => Loading pretrained ViT-B-16 weights (laion400m_e32).
2025-11-25 21:06:05,290 [factory.py] => Loaded ViT-B-16 model config.
2025-11-25 21:06:06,504 [factory.py] => Loading pretrained ViT-B-16 weights (laion400m_e32).
2025-11-25 21:06:06,847 [adapter_clip.py] => Using AdapterClipNet with adapter configuration
2025-11-25 21:06:06,847 [trainer.py] => All params: 149686849
2025-11-25 21:06:06,848 [trainer.py] => Trainable params: 66112
2025-11-25 21:06:06,848 [adapter_clip.py] => Learning on 0-10
2025-11-25 21:06:39,969 [trainer.py] => config: ./exps/adapter.json
2025-11-25 21:06:39,970 [trainer.py] => prefix: reproduce
2025-11-25 21:06:39,970 [trainer.py] => dataset: cifar224
2025-11-25 21:06:39,970 [trainer.py] => memory_size: 0
2025-11-25 21:06:39,970 [trainer.py] => memory_per_class: 0
2025-11-25 21:06:39,970 [trainer.py] => fixed_memory: False
2025-11-25 21:06:39,970 [trainer.py] => shuffle: True
2025-11-25 21:06:39,970 [trainer.py] => init_cls: 10
2025-11-25 21:06:39,970 [trainer.py] => increment: 10
2025-11-25 21:06:39,970 [trainer.py] => model_name: adapter_clip
2025-11-25 21:06:39,970 [trainer.py] => convnet_type: clip
2025-11-25 21:06:39,970 [trainer.py] => init_lr: 0.001
2025-11-25 21:06:39,970 [trainer.py] => batch_size: 64
2025-11-25 21:06:39,970 [trainer.py] => weight_decay: 0.05
2025-11-25 21:06:39,970 [trainer.py] => min_lr: 0
2025-11-25 21:06:39,970 [trainer.py] => optimizer: sgd
2025-11-25 21:06:39,970 [trainer.py] => tuned_epoch: 10
2025-11-25 21:06:39,970 [trainer.py] => device: [device(type='cuda', index=0)]
2025-11-25 21:06:39,970 [trainer.py] => seed: 1993
2025-11-25 21:06:41,282 [data_manager.py] => [68, 56, 78, 8, 23, 84, 90, 65, 74, 76, 40, 89, 3, 92, 55, 9, 26, 80, 43, 38, 58, 70, 77, 1, 85, 19, 17, 50, 28, 53, 13, 81, 45, 82, 6, 59, 83, 16, 15, 44, 91, 41, 72, 60, 79, 52, 20, 10, 31, 54, 37, 95, 14, 71, 96, 98, 97, 2, 64, 66, 42, 22, 35, 86, 24, 34, 87, 21, 99, 0, 88, 27, 18, 94, 11, 12, 47, 25, 30, 46, 62, 69, 36, 61, 7, 63, 75, 5, 32, 4, 51, 48, 73, 93, 39, 67, 29, 49, 57, 33]
2025-11-25 21:06:41,787 [instantiator.py] => Created a temporary directory at /tmp/tmp04pqpgvx
2025-11-25 21:06:41,787 [instantiator.py] => Writing /tmp/tmp04pqpgvx/_remote_module_non_sriptable.py
2025-11-25 21:06:41,909 [factory.py] => Loaded ViT-B-16 model config.
2025-11-25 21:06:43,831 [factory.py] => Loading pretrained ViT-B-16 weights (laion400m_e32).
2025-11-25 21:06:44,105 [factory.py] => Loaded ViT-B-16 model config.
2025-11-25 21:06:45,243 [factory.py] => Loading pretrained ViT-B-16 weights (laion400m_e32).
2025-11-25 21:06:45,525 [adapter_clip.py] => Using AdapterClipNet with adapter configuration
2025-11-25 21:06:45,526 [trainer.py] => All params: 149686849
2025-11-25 21:06:45,526 [trainer.py] => Trainable params: 66112
2025-11-25 21:06:45,526 [adapter_clip.py] => Learning on 0-10
2025-11-25 21:13:06,575 [trainer.py] => config: ./exps/adapter.json
2025-11-25 21:13:06,576 [trainer.py] => prefix: reproduce
2025-11-25 21:13:06,576 [trainer.py] => dataset: cifar224
2025-11-25 21:13:06,576 [trainer.py] => memory_size: 0
2025-11-25 21:13:06,576 [trainer.py] => memory_per_class: 0
2025-11-25 21:13:06,576 [trainer.py] => fixed_memory: False
2025-11-25 21:13:06,576 [trainer.py] => shuffle: True
2025-11-25 21:13:06,576 [trainer.py] => init_cls: 10
2025-11-25 21:13:06,576 [trainer.py] => increment: 10
2025-11-25 21:13:06,576 [trainer.py] => model_name: adapter_clip
2025-11-25 21:13:06,576 [trainer.py] => convnet_type: clip
2025-11-25 21:13:06,576 [trainer.py] => init_lr: 0.001
2025-11-25 21:13:06,576 [trainer.py] => batch_size: 64
2025-11-25 21:13:06,576 [trainer.py] => weight_decay: 0.05
2025-11-25 21:13:06,576 [trainer.py] => min_lr: 0
2025-11-25 21:13:06,576 [trainer.py] => optimizer: sgd
2025-11-25 21:13:06,576 [trainer.py] => tuned_epoch: 10
2025-11-25 21:13:06,576 [trainer.py] => device: [device(type='cuda', index=0)]
2025-11-25 21:13:06,576 [trainer.py] => seed: 1993
2025-11-25 21:13:07,721 [data_manager.py] => [68, 56, 78, 8, 23, 84, 90, 65, 74, 76, 40, 89, 3, 92, 55, 9, 26, 80, 43, 38, 58, 70, 77, 1, 85, 19, 17, 50, 28, 53, 13, 81, 45, 82, 6, 59, 83, 16, 15, 44, 91, 41, 72, 60, 79, 52, 20, 10, 31, 54, 37, 95, 14, 71, 96, 98, 97, 2, 64, 66, 42, 22, 35, 86, 24, 34, 87, 21, 99, 0, 88, 27, 18, 94, 11, 12, 47, 25, 30, 46, 62, 69, 36, 61, 7, 63, 75, 5, 32, 4, 51, 48, 73, 93, 39, 67, 29, 49, 57, 33]
2025-11-25 21:13:08,265 [instantiator.py] => Created a temporary directory at /tmp/tmpfuxjww74
2025-11-25 21:13:08,265 [instantiator.py] => Writing /tmp/tmpfuxjww74/_remote_module_non_sriptable.py
2025-11-25 21:13:08,400 [factory.py] => Loaded ViT-B-16 model config.
2025-11-25 21:13:10,045 [factory.py] => Loading pretrained ViT-B-16 weights (laion400m_e32).
2025-11-25 21:13:10,374 [factory.py] => Loaded ViT-B-16 model config.
2025-11-25 21:13:11,619 [factory.py] => Loading pretrained ViT-B-16 weights (laion400m_e32).
2025-11-25 21:17:30,734 [trainer.py] => config: ./exps/adapter.json
2025-11-25 21:17:30,734 [trainer.py] => prefix: reproduce
2025-11-25 21:17:30,734 [trainer.py] => dataset: cifar224
2025-11-25 21:17:30,734 [trainer.py] => memory_size: 0
2025-11-25 21:17:30,734 [trainer.py] => memory_per_class: 0
2025-11-25 21:17:30,734 [trainer.py] => fixed_memory: False
2025-11-25 21:17:30,734 [trainer.py] => shuffle: True
2025-11-25 21:17:30,734 [trainer.py] => init_cls: 10
2025-11-25 21:17:30,734 [trainer.py] => increment: 10
2025-11-25 21:17:30,734 [trainer.py] => model_name: adapter_clip
2025-11-25 21:17:30,735 [trainer.py] => convnet_type: clip
2025-11-25 21:17:30,735 [trainer.py] => init_lr: 0.001
2025-11-25 21:17:30,735 [trainer.py] => batch_size: 64
2025-11-25 21:17:30,735 [trainer.py] => weight_decay: 0.05
2025-11-25 21:17:30,735 [trainer.py] => min_lr: 0
2025-11-25 21:17:30,735 [trainer.py] => optimizer: sgd
2025-11-25 21:17:30,735 [trainer.py] => tuned_epoch: 10
2025-11-25 21:17:30,735 [trainer.py] => device: [device(type='cuda', index=0)]
2025-11-25 21:17:30,735 [trainer.py] => seed: 1993
2025-11-25 21:17:33,091 [data_manager.py] => [68, 56, 78, 8, 23, 84, 90, 65, 74, 76, 40, 89, 3, 92, 55, 9, 26, 80, 43, 38, 58, 70, 77, 1, 85, 19, 17, 50, 28, 53, 13, 81, 45, 82, 6, 59, 83, 16, 15, 44, 91, 41, 72, 60, 79, 52, 20, 10, 31, 54, 37, 95, 14, 71, 96, 98, 97, 2, 64, 66, 42, 22, 35, 86, 24, 34, 87, 21, 99, 0, 88, 27, 18, 94, 11, 12, 47, 25, 30, 46, 62, 69, 36, 61, 7, 63, 75, 5, 32, 4, 51, 48, 73, 93, 39, 67, 29, 49, 57, 33]
2025-11-25 21:17:33,628 [instantiator.py] => Created a temporary directory at /tmp/tmpuc7n127q
2025-11-25 21:17:33,628 [instantiator.py] => Writing /tmp/tmpuc7n127q/_remote_module_non_sriptable.py
2025-11-25 21:17:33,760 [factory.py] => Loaded ViT-B-16 model config.
2025-11-25 21:17:35,330 [factory.py] => Loading pretrained ViT-B-16 weights (laion400m_e32).
2025-11-25 21:17:35,617 [factory.py] => Loaded ViT-B-16 model config.
2025-11-25 21:17:36,772 [factory.py] => Loading pretrained ViT-B-16 weights (laion400m_e32).
2025-11-25 21:17:37,110 [adapter_clip.py] => Using AdapterClipNet with adapter configuration
2025-11-25 21:17:37,110 [trainer.py] => All params: 149719873
2025-11-25 21:17:37,110 [trainer.py] => Trainable params: 99136
2025-11-25 21:17:37,110 [adapter_clip.py] => Learning on 0-10
2025-11-25 21:19:28,607 [trainer.py] => config: ./exps/adapter.json
2025-11-25 21:19:28,607 [trainer.py] => prefix: reproduce
2025-11-25 21:19:28,607 [trainer.py] => dataset: cifar224
2025-11-25 21:19:28,607 [trainer.py] => memory_size: 0
2025-11-25 21:19:28,607 [trainer.py] => memory_per_class: 0
2025-11-25 21:19:28,607 [trainer.py] => fixed_memory: False
2025-11-25 21:19:28,607 [trainer.py] => shuffle: True
2025-11-25 21:19:28,607 [trainer.py] => init_cls: 10
2025-11-25 21:19:28,607 [trainer.py] => increment: 10
2025-11-25 21:19:28,607 [trainer.py] => model_name: adapter_clip
2025-11-25 21:19:28,607 [trainer.py] => convnet_type: clip
2025-11-25 21:19:28,607 [trainer.py] => init_lr: 0.001
2025-11-25 21:19:28,607 [trainer.py] => batch_size: 64
2025-11-25 21:19:28,608 [trainer.py] => weight_decay: 0.05
2025-11-25 21:19:28,608 [trainer.py] => min_lr: 0
2025-11-25 21:19:28,608 [trainer.py] => optimizer: sgd
2025-11-25 21:19:28,608 [trainer.py] => tuned_epoch: 10
2025-11-25 21:19:28,608 [trainer.py] => device: [device(type='cuda', index=0)]
2025-11-25 21:19:28,608 [trainer.py] => seed: 1993
2025-11-25 21:19:29,767 [data_manager.py] => [68, 56, 78, 8, 23, 84, 90, 65, 74, 76, 40, 89, 3, 92, 55, 9, 26, 80, 43, 38, 58, 70, 77, 1, 85, 19, 17, 50, 28, 53, 13, 81, 45, 82, 6, 59, 83, 16, 15, 44, 91, 41, 72, 60, 79, 52, 20, 10, 31, 54, 37, 95, 14, 71, 96, 98, 97, 2, 64, 66, 42, 22, 35, 86, 24, 34, 87, 21, 99, 0, 88, 27, 18, 94, 11, 12, 47, 25, 30, 46, 62, 69, 36, 61, 7, 63, 75, 5, 32, 4, 51, 48, 73, 93, 39, 67, 29, 49, 57, 33]
2025-11-25 21:19:30,263 [instantiator.py] => Created a temporary directory at /tmp/tmpygj04tpp
2025-11-25 21:19:30,264 [instantiator.py] => Writing /tmp/tmpygj04tpp/_remote_module_non_sriptable.py
2025-11-25 21:19:30,385 [factory.py] => Loaded ViT-B-16 model config.
2025-11-25 21:19:32,054 [factory.py] => Loading pretrained ViT-B-16 weights (laion400m_e32).
2025-11-25 21:19:32,379 [factory.py] => Loaded ViT-B-16 model config.
2025-11-25 21:19:33,689 [factory.py] => Loading pretrained ViT-B-16 weights (laion400m_e32).
2025-11-25 21:19:34,045 [adapter_clip.py] => Using AdapterClipNet with adapter configuration
2025-11-25 21:19:34,046 [trainer.py] => All params: 149719873
2025-11-25 21:19:34,046 [trainer.py] => Trainable params: 99136
2025-11-25 21:19:34,046 [adapter_clip.py] => Learning on 0-10
2025-11-25 21:25:37,197 [base.py] => Reducing exemplars...(0 per classes)
2025-11-25 21:25:37,204 [base.py] => Constructing exemplars...(0 per classes)
2025-11-25 21:26:53,542 [trainer.py] => config: ./exps/adapter.json
2025-11-25 21:26:53,542 [trainer.py] => prefix: reproduce
2025-11-25 21:26:53,542 [trainer.py] => dataset: cifar224
2025-11-25 21:26:53,542 [trainer.py] => memory_size: 0
2025-11-25 21:26:53,542 [trainer.py] => memory_per_class: 0
2025-11-25 21:26:53,542 [trainer.py] => fixed_memory: False
2025-11-25 21:26:53,542 [trainer.py] => shuffle: True
2025-11-25 21:26:53,542 [trainer.py] => init_cls: 10
2025-11-25 21:26:53,542 [trainer.py] => increment: 10
2025-11-25 21:26:53,542 [trainer.py] => model_name: adapter_clip
2025-11-25 21:26:53,542 [trainer.py] => convnet_type: clip
2025-11-25 21:26:53,542 [trainer.py] => init_lr: 0.001
2025-11-25 21:26:53,542 [trainer.py] => batch_size: 64
2025-11-25 21:26:53,542 [trainer.py] => weight_decay: 0.05
2025-11-25 21:26:53,542 [trainer.py] => min_lr: 0
2025-11-25 21:26:53,542 [trainer.py] => optimizer: sgd
2025-11-25 21:26:53,542 [trainer.py] => tuned_epoch: 10
2025-11-25 21:26:53,542 [trainer.py] => device: [device(type='cuda', index=0)]
2025-11-25 21:26:53,542 [trainer.py] => seed: 1993
2025-11-25 21:26:54,707 [data_manager.py] => [68, 56, 78, 8, 23, 84, 90, 65, 74, 76, 40, 89, 3, 92, 55, 9, 26, 80, 43, 38, 58, 70, 77, 1, 85, 19, 17, 50, 28, 53, 13, 81, 45, 82, 6, 59, 83, 16, 15, 44, 91, 41, 72, 60, 79, 52, 20, 10, 31, 54, 37, 95, 14, 71, 96, 98, 97, 2, 64, 66, 42, 22, 35, 86, 24, 34, 87, 21, 99, 0, 88, 27, 18, 94, 11, 12, 47, 25, 30, 46, 62, 69, 36, 61, 7, 63, 75, 5, 32, 4, 51, 48, 73, 93, 39, 67, 29, 49, 57, 33]
2025-11-25 21:26:55,168 [instantiator.py] => Created a temporary directory at /tmp/tmpg7uvg384
2025-11-25 21:26:55,168 [instantiator.py] => Writing /tmp/tmpg7uvg384/_remote_module_non_sriptable.py
2025-11-25 21:26:55,290 [factory.py] => Loaded ViT-B-16 model config.
2025-11-25 21:26:56,922 [factory.py] => Loading pretrained ViT-B-16 weights (laion400m_e32).
2025-11-25 21:26:57,227 [factory.py] => Loaded ViT-B-16 model config.
2025-11-25 21:26:58,441 [factory.py] => Loading pretrained ViT-B-16 weights (laion400m_e32).
2025-11-25 21:26:58,735 [adapter_clip.py] => Using AdapterClipNet with adapter configuration
2025-11-25 21:26:58,736 [trainer.py] => All params: 149719873
2025-11-25 21:26:58,736 [trainer.py] => Trainable params: 99136
2025-11-25 21:26:58,736 [adapter_clip.py] => Learning on 0-10
2025-11-25 21:30:36,867 [trainer.py] => config: ./exps/adapter.json
2025-11-25 21:30:36,867 [trainer.py] => prefix: reproduce
2025-11-25 21:30:36,868 [trainer.py] => dataset: cifar224
2025-11-25 21:30:36,868 [trainer.py] => memory_size: 0
2025-11-25 21:30:36,868 [trainer.py] => memory_per_class: 0
2025-11-25 21:30:36,868 [trainer.py] => fixed_memory: False
2025-11-25 21:30:36,868 [trainer.py] => shuffle: True
2025-11-25 21:30:36,868 [trainer.py] => init_cls: 10
2025-11-25 21:30:36,868 [trainer.py] => increment: 10
2025-11-25 21:30:36,868 [trainer.py] => model_name: adapter_clip
2025-11-25 21:30:36,868 [trainer.py] => convnet_type: clip
2025-11-25 21:30:36,868 [trainer.py] => init_lr: 0.001
2025-11-25 21:30:36,868 [trainer.py] => batch_size: 64
2025-11-25 21:30:36,868 [trainer.py] => weight_decay: 0.05
2025-11-25 21:30:36,868 [trainer.py] => min_lr: 0
2025-11-25 21:30:36,868 [trainer.py] => optimizer: sgd
2025-11-25 21:30:36,868 [trainer.py] => tuned_epoch: 10
2025-11-25 21:30:36,868 [trainer.py] => device: [device(type='cuda', index=0)]
2025-11-25 21:30:36,868 [trainer.py] => seed: 1993
2025-11-25 21:30:38,016 [data_manager.py] => [68, 56, 78, 8, 23, 84, 90, 65, 74, 76, 40, 89, 3, 92, 55, 9, 26, 80, 43, 38, 58, 70, 77, 1, 85, 19, 17, 50, 28, 53, 13, 81, 45, 82, 6, 59, 83, 16, 15, 44, 91, 41, 72, 60, 79, 52, 20, 10, 31, 54, 37, 95, 14, 71, 96, 98, 97, 2, 64, 66, 42, 22, 35, 86, 24, 34, 87, 21, 99, 0, 88, 27, 18, 94, 11, 12, 47, 25, 30, 46, 62, 69, 36, 61, 7, 63, 75, 5, 32, 4, 51, 48, 73, 93, 39, 67, 29, 49, 57, 33]
2025-11-25 21:30:38,524 [instantiator.py] => Created a temporary directory at /tmp/tmplk4uz1hb
2025-11-25 21:30:38,524 [instantiator.py] => Writing /tmp/tmplk4uz1hb/_remote_module_non_sriptable.py
2025-11-25 21:30:38,649 [factory.py] => Loaded ViT-B-16 model config.
2025-11-25 21:30:40,235 [factory.py] => Loading pretrained ViT-B-16 weights (laion400m_e32).
2025-11-25 21:30:40,569 [factory.py] => Loaded ViT-B-16 model config.
2025-11-25 21:30:41,829 [factory.py] => Loading pretrained ViT-B-16 weights (laion400m_e32).
2025-11-25 21:30:42,276 [adapter_clip.py] => Using AdapterClipNet with adapter configuration
2025-11-25 21:30:42,276 [trainer.py] => All params: 149719873
2025-11-25 21:30:42,277 [trainer.py] => Trainable params: 99136
2025-11-25 21:30:42,277 [adapter_clip.py] => Learning on 0-10
2025-11-25 21:31:35,814 [trainer.py] => config: ./exps/adapter.json
2025-11-25 21:31:35,814 [trainer.py] => prefix: reproduce
2025-11-25 21:31:35,815 [trainer.py] => dataset: cifar224
2025-11-25 21:31:35,815 [trainer.py] => memory_size: 0
2025-11-25 21:31:35,815 [trainer.py] => memory_per_class: 0
2025-11-25 21:31:35,815 [trainer.py] => fixed_memory: False
2025-11-25 21:31:35,815 [trainer.py] => shuffle: True
2025-11-25 21:31:35,815 [trainer.py] => init_cls: 10
2025-11-25 21:31:35,815 [trainer.py] => increment: 10
2025-11-25 21:31:35,815 [trainer.py] => model_name: adapter_clip
2025-11-25 21:31:35,815 [trainer.py] => convnet_type: clip
2025-11-25 21:31:35,815 [trainer.py] => init_lr: 0.001
2025-11-25 21:31:35,815 [trainer.py] => batch_size: 64
2025-11-25 21:31:35,815 [trainer.py] => weight_decay: 0.05
2025-11-25 21:31:35,815 [trainer.py] => min_lr: 0
2025-11-25 21:31:35,815 [trainer.py] => optimizer: sgd
2025-11-25 21:31:35,815 [trainer.py] => tuned_epoch: 10
2025-11-25 21:31:35,815 [trainer.py] => device: [device(type='cuda', index=0)]
2025-11-25 21:31:35,815 [trainer.py] => seed: 1993
2025-11-25 21:31:37,135 [data_manager.py] => [68, 56, 78, 8, 23, 84, 90, 65, 74, 76, 40, 89, 3, 92, 55, 9, 26, 80, 43, 38, 58, 70, 77, 1, 85, 19, 17, 50, 28, 53, 13, 81, 45, 82, 6, 59, 83, 16, 15, 44, 91, 41, 72, 60, 79, 52, 20, 10, 31, 54, 37, 95, 14, 71, 96, 98, 97, 2, 64, 66, 42, 22, 35, 86, 24, 34, 87, 21, 99, 0, 88, 27, 18, 94, 11, 12, 47, 25, 30, 46, 62, 69, 36, 61, 7, 63, 75, 5, 32, 4, 51, 48, 73, 93, 39, 67, 29, 49, 57, 33]
2025-11-25 21:31:37,621 [instantiator.py] => Created a temporary directory at /tmp/tmpm00ttvvf
2025-11-25 21:31:37,621 [instantiator.py] => Writing /tmp/tmpm00ttvvf/_remote_module_non_sriptable.py
2025-11-25 21:31:37,747 [factory.py] => Loaded ViT-B-16 model config.
2025-11-25 21:31:39,424 [factory.py] => Loading pretrained ViT-B-16 weights (laion400m_e32).
2025-11-25 21:31:39,704 [factory.py] => Loaded ViT-B-16 model config.
2025-11-25 21:31:40,899 [factory.py] => Loading pretrained ViT-B-16 weights (laion400m_e32).
2025-11-25 21:31:41,214 [adapter_clip.py] => Using AdapterClipNet with adapter configuration
2025-11-25 21:31:41,215 [trainer.py] => All params: 149719873
2025-11-25 21:31:41,216 [trainer.py] => Trainable params: 99136
2025-11-25 21:31:41,216 [adapter_clip.py] => Learning on 0-10
2025-11-25 21:33:43,427 [trainer.py] => config: ./exps/adapter.json
2025-11-25 21:33:43,427 [trainer.py] => prefix: reproduce
2025-11-25 21:33:43,427 [trainer.py] => dataset: cifar224
2025-11-25 21:33:43,427 [trainer.py] => memory_size: 0
2025-11-25 21:33:43,427 [trainer.py] => memory_per_class: 0
2025-11-25 21:33:43,427 [trainer.py] => fixed_memory: False
2025-11-25 21:33:43,427 [trainer.py] => shuffle: True
2025-11-25 21:33:43,427 [trainer.py] => init_cls: 10
2025-11-25 21:33:43,427 [trainer.py] => increment: 10
2025-11-25 21:33:43,427 [trainer.py] => model_name: adapter_clip
2025-11-25 21:33:43,427 [trainer.py] => convnet_type: clip
2025-11-25 21:33:43,427 [trainer.py] => init_lr: 0.001
2025-11-25 21:33:43,427 [trainer.py] => batch_size: 64
2025-11-25 21:33:43,427 [trainer.py] => weight_decay: 0.05
2025-11-25 21:33:43,427 [trainer.py] => min_lr: 0
2025-11-25 21:33:43,427 [trainer.py] => optimizer: sgd
2025-11-25 21:33:43,427 [trainer.py] => tuned_epoch: 10
2025-11-25 21:33:43,427 [trainer.py] => device: [device(type='cuda', index=0)]
2025-11-25 21:33:43,427 [trainer.py] => seed: 1993
2025-11-25 21:33:44,602 [data_manager.py] => [68, 56, 78, 8, 23, 84, 90, 65, 74, 76, 40, 89, 3, 92, 55, 9, 26, 80, 43, 38, 58, 70, 77, 1, 85, 19, 17, 50, 28, 53, 13, 81, 45, 82, 6, 59, 83, 16, 15, 44, 91, 41, 72, 60, 79, 52, 20, 10, 31, 54, 37, 95, 14, 71, 96, 98, 97, 2, 64, 66, 42, 22, 35, 86, 24, 34, 87, 21, 99, 0, 88, 27, 18, 94, 11, 12, 47, 25, 30, 46, 62, 69, 36, 61, 7, 63, 75, 5, 32, 4, 51, 48, 73, 93, 39, 67, 29, 49, 57, 33]
2025-11-25 21:33:45,160 [instantiator.py] => Created a temporary directory at /tmp/tmpc34df62y
2025-11-25 21:33:45,160 [instantiator.py] => Writing /tmp/tmpc34df62y/_remote_module_non_sriptable.py
2025-11-25 21:33:45,283 [factory.py] => Loaded ViT-B-16 model config.
2025-11-25 21:33:46,966 [factory.py] => Loading pretrained ViT-B-16 weights (laion400m_e32).
2025-11-25 21:33:47,334 [factory.py] => Loaded ViT-B-16 model config.
2025-11-25 21:33:49,660 [factory.py] => Loading pretrained ViT-B-16 weights (laion400m_e32).
2025-11-25 21:33:49,994 [adapter_clip.py] => Using AdapterClipNet with adapter configuration
2025-11-25 21:33:49,994 [trainer.py] => All params: 149719873
2025-11-25 21:33:49,995 [trainer.py] => Trainable params: 99136
2025-11-25 21:33:49,995 [adapter_clip.py] => Learning on 0-10
2025-11-25 21:34:16,110 [trainer.py] => config: ./exps/adapter.json
2025-11-25 21:34:16,110 [trainer.py] => prefix: reproduce
2025-11-25 21:34:16,110 [trainer.py] => dataset: cifar224
2025-11-25 21:34:16,110 [trainer.py] => memory_size: 0
2025-11-25 21:34:16,110 [trainer.py] => memory_per_class: 0
2025-11-25 21:34:16,110 [trainer.py] => fixed_memory: False
2025-11-25 21:34:16,110 [trainer.py] => shuffle: True
2025-11-25 21:34:16,111 [trainer.py] => init_cls: 10
2025-11-25 21:34:16,111 [trainer.py] => increment: 10
2025-11-25 21:34:16,111 [trainer.py] => model_name: adapter_clip
2025-11-25 21:34:16,111 [trainer.py] => convnet_type: clip
2025-11-25 21:34:16,111 [trainer.py] => init_lr: 0.001
2025-11-25 21:34:16,111 [trainer.py] => batch_size: 64
2025-11-25 21:34:16,111 [trainer.py] => weight_decay: 0.05
2025-11-25 21:34:16,111 [trainer.py] => min_lr: 0
2025-11-25 21:34:16,111 [trainer.py] => optimizer: sgd
2025-11-25 21:34:16,111 [trainer.py] => tuned_epoch: 10
2025-11-25 21:34:16,111 [trainer.py] => device: [device(type='cuda', index=0)]
2025-11-25 21:34:16,111 [trainer.py] => seed: 1993
2025-11-25 21:34:17,382 [data_manager.py] => [68, 56, 78, 8, 23, 84, 90, 65, 74, 76, 40, 89, 3, 92, 55, 9, 26, 80, 43, 38, 58, 70, 77, 1, 85, 19, 17, 50, 28, 53, 13, 81, 45, 82, 6, 59, 83, 16, 15, 44, 91, 41, 72, 60, 79, 52, 20, 10, 31, 54, 37, 95, 14, 71, 96, 98, 97, 2, 64, 66, 42, 22, 35, 86, 24, 34, 87, 21, 99, 0, 88, 27, 18, 94, 11, 12, 47, 25, 30, 46, 62, 69, 36, 61, 7, 63, 75, 5, 32, 4, 51, 48, 73, 93, 39, 67, 29, 49, 57, 33]
2025-11-25 21:34:17,945 [instantiator.py] => Created a temporary directory at /tmp/tmpjfvysrh2
2025-11-25 21:34:17,946 [instantiator.py] => Writing /tmp/tmpjfvysrh2/_remote_module_non_sriptable.py
2025-11-25 21:34:18,083 [factory.py] => Loaded ViT-B-16 model config.
2025-11-25 21:34:53,711 [trainer.py] => config: ./exps/adapter.json
2025-11-25 21:34:53,711 [trainer.py] => prefix: reproduce
2025-11-25 21:34:53,711 [trainer.py] => dataset: cifar224
2025-11-25 21:34:53,711 [trainer.py] => memory_size: 0
2025-11-25 21:34:53,711 [trainer.py] => memory_per_class: 0
2025-11-25 21:34:53,711 [trainer.py] => fixed_memory: False
2025-11-25 21:34:53,711 [trainer.py] => shuffle: True
2025-11-25 21:34:53,711 [trainer.py] => init_cls: 10
2025-11-25 21:34:53,711 [trainer.py] => increment: 10
2025-11-25 21:34:53,711 [trainer.py] => model_name: adapter_clip
2025-11-25 21:34:53,711 [trainer.py] => convnet_type: clip
2025-11-25 21:34:53,711 [trainer.py] => init_lr: 0.001
2025-11-25 21:34:53,711 [trainer.py] => batch_size: 64
2025-11-25 21:34:53,711 [trainer.py] => weight_decay: 0.05
2025-11-25 21:34:53,712 [trainer.py] => min_lr: 0
2025-11-25 21:34:53,712 [trainer.py] => optimizer: sgd
2025-11-25 21:34:53,712 [trainer.py] => tuned_epoch: 10
2025-11-25 21:34:53,712 [trainer.py] => device: [device(type='cuda', index=0)]
2025-11-25 21:34:53,712 [trainer.py] => seed: 1993
2025-11-25 21:34:54,824 [data_manager.py] => [68, 56, 78, 8, 23, 84, 90, 65, 74, 76, 40, 89, 3, 92, 55, 9, 26, 80, 43, 38, 58, 70, 77, 1, 85, 19, 17, 50, 28, 53, 13, 81, 45, 82, 6, 59, 83, 16, 15, 44, 91, 41, 72, 60, 79, 52, 20, 10, 31, 54, 37, 95, 14, 71, 96, 98, 97, 2, 64, 66, 42, 22, 35, 86, 24, 34, 87, 21, 99, 0, 88, 27, 18, 94, 11, 12, 47, 25, 30, 46, 62, 69, 36, 61, 7, 63, 75, 5, 32, 4, 51, 48, 73, 93, 39, 67, 29, 49, 57, 33]
2025-11-25 21:34:55,100 [instantiator.py] => Created a temporary directory at /tmp/tmpewxrb_ho
2025-11-25 21:34:55,100 [instantiator.py] => Writing /tmp/tmpewxrb_ho/_remote_module_non_sriptable.py
2025-11-25 21:34:55,206 [factory.py] => Loaded ViT-B-16 model config.
2025-11-25 21:34:57,918 [factory.py] => Loading pretrained ViT-B-16 weights (laion400m_e32).
2025-11-25 21:34:58,200 [factory.py] => Loaded ViT-B-16 model config.
2025-11-25 21:34:59,328 [factory.py] => Loading pretrained ViT-B-16 weights (laion400m_e32).
2025-11-25 21:34:59,621 [adapter_clip.py] => Using AdapterClipNet with adapter configuration
2025-11-25 21:34:59,621 [trainer.py] => All params: 149620737
2025-11-25 21:34:59,621 [trainer.py] => Trainable params: 0
2025-11-25 21:34:59,621 [adapter_clip.py] => Learning on 0-10
2025-11-25 21:36:46,850 [trainer.py] => config: ./exps/adapter.json
2025-11-25 21:36:46,851 [trainer.py] => prefix: reproduce
2025-11-25 21:36:46,851 [trainer.py] => dataset: cifar224
2025-11-25 21:36:46,851 [trainer.py] => memory_size: 0
2025-11-25 21:36:46,851 [trainer.py] => memory_per_class: 0
2025-11-25 21:36:46,851 [trainer.py] => fixed_memory: False
2025-11-25 21:36:46,851 [trainer.py] => shuffle: True
2025-11-25 21:36:46,851 [trainer.py] => init_cls: 10
2025-11-25 21:36:46,851 [trainer.py] => increment: 10
2025-11-25 21:36:46,851 [trainer.py] => model_name: adapter_clip
2025-11-25 21:36:46,851 [trainer.py] => convnet_type: clip
2025-11-25 21:36:46,851 [trainer.py] => init_lr: 0.001
2025-11-25 21:36:46,851 [trainer.py] => batch_size: 64
2025-11-25 21:36:46,851 [trainer.py] => weight_decay: 0.05
2025-11-25 21:36:46,851 [trainer.py] => min_lr: 0
2025-11-25 21:36:46,851 [trainer.py] => optimizer: sgd
2025-11-25 21:36:46,851 [trainer.py] => tuned_epoch: 10
2025-11-25 21:36:46,851 [trainer.py] => device: [device(type='cuda', index=0)]
2025-11-25 21:36:46,851 [trainer.py] => seed: 1993
2025-11-25 21:36:47,965 [data_manager.py] => [68, 56, 78, 8, 23, 84, 90, 65, 74, 76, 40, 89, 3, 92, 55, 9, 26, 80, 43, 38, 58, 70, 77, 1, 85, 19, 17, 50, 28, 53, 13, 81, 45, 82, 6, 59, 83, 16, 15, 44, 91, 41, 72, 60, 79, 52, 20, 10, 31, 54, 37, 95, 14, 71, 96, 98, 97, 2, 64, 66, 42, 22, 35, 86, 24, 34, 87, 21, 99, 0, 88, 27, 18, 94, 11, 12, 47, 25, 30, 46, 62, 69, 36, 61, 7, 63, 75, 5, 32, 4, 51, 48, 73, 93, 39, 67, 29, 49, 57, 33]
2025-11-25 21:36:48,468 [instantiator.py] => Created a temporary directory at /tmp/tmpnl7fs617
2025-11-25 21:36:48,469 [instantiator.py] => Writing /tmp/tmpnl7fs617/_remote_module_non_sriptable.py
2025-11-25 21:36:48,594 [factory.py] => Loaded ViT-B-16 model config.
2025-11-25 21:36:50,164 [factory.py] => Loading pretrained ViT-B-16 weights (laion400m_e32).
2025-11-25 21:36:50,403 [factory.py] => Loaded ViT-B-16 model config.
2025-11-25 21:36:51,534 [factory.py] => Loading pretrained ViT-B-16 weights (laion400m_e32).
2025-11-25 21:36:51,824 [adapter_clip.py] => Using AdapterClipNet with adapter configuration
2025-11-25 21:36:51,825 [trainer.py] => All params: 149620737
2025-11-25 21:36:51,825 [trainer.py] => Trainable params: 0
2025-11-25 21:36:51,825 [adapter_clip.py] => Learning on 0-10
2025-11-25 21:36:58,772 [trainer.py] => config: ./exps/adapter.json
2025-11-25 21:36:58,772 [trainer.py] => prefix: reproduce
2025-11-25 21:36:58,772 [trainer.py] => dataset: cifar224
2025-11-25 21:36:58,772 [trainer.py] => memory_size: 0
2025-11-25 21:36:58,772 [trainer.py] => memory_per_class: 0
2025-11-25 21:36:58,772 [trainer.py] => fixed_memory: False
2025-11-25 21:36:58,772 [trainer.py] => shuffle: True
2025-11-25 21:36:58,772 [trainer.py] => init_cls: 10
2025-11-25 21:36:58,772 [trainer.py] => increment: 10
2025-11-25 21:36:58,772 [trainer.py] => model_name: adapter_clip
2025-11-25 21:36:58,772 [trainer.py] => convnet_type: clip
2025-11-25 21:36:58,772 [trainer.py] => init_lr: 0.001
2025-11-25 21:36:58,773 [trainer.py] => batch_size: 64
2025-11-25 21:36:58,773 [trainer.py] => weight_decay: 0.05
2025-11-25 21:36:58,773 [trainer.py] => min_lr: 0
2025-11-25 21:36:58,773 [trainer.py] => optimizer: sgd
2025-11-25 21:36:58,773 [trainer.py] => tuned_epoch: 10
2025-11-25 21:36:58,773 [trainer.py] => device: [device(type='cuda', index=0)]
2025-11-25 21:36:58,773 [trainer.py] => seed: 1993
2025-11-25 21:36:59,907 [data_manager.py] => [68, 56, 78, 8, 23, 84, 90, 65, 74, 76, 40, 89, 3, 92, 55, 9, 26, 80, 43, 38, 58, 70, 77, 1, 85, 19, 17, 50, 28, 53, 13, 81, 45, 82, 6, 59, 83, 16, 15, 44, 91, 41, 72, 60, 79, 52, 20, 10, 31, 54, 37, 95, 14, 71, 96, 98, 97, 2, 64, 66, 42, 22, 35, 86, 24, 34, 87, 21, 99, 0, 88, 27, 18, 94, 11, 12, 47, 25, 30, 46, 62, 69, 36, 61, 7, 63, 75, 5, 32, 4, 51, 48, 73, 93, 39, 67, 29, 49, 57, 33]
2025-11-25 21:37:00,191 [instantiator.py] => Created a temporary directory at /tmp/tmpsf_31kzu
2025-11-25 21:37:00,192 [instantiator.py] => Writing /tmp/tmpsf_31kzu/_remote_module_non_sriptable.py
2025-11-25 21:37:00,301 [factory.py] => Loaded ViT-B-16 model config.
2025-11-25 21:37:01,677 [factory.py] => Loading pretrained ViT-B-16 weights (laion400m_e32).
2025-11-25 21:37:01,944 [factory.py] => Loaded ViT-B-16 model config.
2025-11-25 21:37:03,084 [factory.py] => Loading pretrained ViT-B-16 weights (laion400m_e32).
2025-11-25 21:37:03,375 [adapter_clip.py] => Using AdapterClipNet with adapter configuration
2025-11-25 21:37:03,375 [trainer.py] => All params: 149719873
2025-11-25 21:37:03,375 [trainer.py] => Trainable params: 99136
2025-11-25 21:37:03,376 [adapter_clip.py] => Learning on 0-10
2025-11-25 21:43:01,491 [trainer.py] => config: ./exps/adapter.json
2025-11-25 21:43:01,492 [trainer.py] => prefix: reproduce
2025-11-25 21:43:01,492 [trainer.py] => dataset: cifar224
2025-11-25 21:43:01,492 [trainer.py] => memory_size: 0
2025-11-25 21:43:01,492 [trainer.py] => memory_per_class: 0
2025-11-25 21:43:01,492 [trainer.py] => fixed_memory: False
2025-11-25 21:43:01,492 [trainer.py] => shuffle: True
2025-11-25 21:43:01,492 [trainer.py] => init_cls: 10
2025-11-25 21:43:01,492 [trainer.py] => increment: 10
2025-11-25 21:43:01,492 [trainer.py] => model_name: adapter_clip
2025-11-25 21:43:01,492 [trainer.py] => convnet_type: clip
2025-11-25 21:43:01,492 [trainer.py] => init_lr: 0.001
2025-11-25 21:43:01,492 [trainer.py] => batch_size: 64
2025-11-25 21:43:01,492 [trainer.py] => weight_decay: 0.05
2025-11-25 21:43:01,493 [trainer.py] => min_lr: 0
2025-11-25 21:43:01,493 [trainer.py] => optimizer: sgd
2025-11-25 21:43:01,493 [trainer.py] => tuned_epoch: 10
2025-11-25 21:43:01,493 [trainer.py] => device: [device(type='cuda', index=0)]
2025-11-25 21:43:01,493 [trainer.py] => seed: 1993
2025-11-25 21:43:02,656 [data_manager.py] => [68, 56, 78, 8, 23, 84, 90, 65, 74, 76, 40, 89, 3, 92, 55, 9, 26, 80, 43, 38, 58, 70, 77, 1, 85, 19, 17, 50, 28, 53, 13, 81, 45, 82, 6, 59, 83, 16, 15, 44, 91, 41, 72, 60, 79, 52, 20, 10, 31, 54, 37, 95, 14, 71, 96, 98, 97, 2, 64, 66, 42, 22, 35, 86, 24, 34, 87, 21, 99, 0, 88, 27, 18, 94, 11, 12, 47, 25, 30, 46, 62, 69, 36, 61, 7, 63, 75, 5, 32, 4, 51, 48, 73, 93, 39, 67, 29, 49, 57, 33]
2025-11-25 21:43:03,157 [instantiator.py] => Created a temporary directory at /tmp/tmp3_y21ljr
2025-11-25 21:43:03,157 [instantiator.py] => Writing /tmp/tmp3_y21ljr/_remote_module_non_sriptable.py
2025-11-25 21:43:03,281 [factory.py] => Loaded ViT-B-16 model config.
2025-11-25 21:43:04,908 [factory.py] => Loading pretrained ViT-B-16 weights (laion400m_e32).
2025-11-25 21:43:05,227 [factory.py] => Loaded ViT-B-16 model config.
2025-11-25 21:43:06,520 [factory.py] => Loading pretrained ViT-B-16 weights (laion400m_e32).
2025-11-25 21:43:06,876 [adapter_clip.py] => Using AdapterClipNet with adapter configuration
2025-11-25 21:43:06,876 [trainer.py] => All params: 149719873
2025-11-25 21:43:06,877 [trainer.py] => Trainable params: 99136
2025-11-25 21:43:06,877 [adapter_clip.py] => Learning on 0-10
2025-11-25 21:44:28,324 [trainer.py] => config: ./exps/adapter.json
2025-11-25 21:44:28,324 [trainer.py] => prefix: reproduce
2025-11-25 21:44:28,324 [trainer.py] => dataset: cifar224
2025-11-25 21:44:28,324 [trainer.py] => memory_size: 0
2025-11-25 21:44:28,324 [trainer.py] => memory_per_class: 0
2025-11-25 21:44:28,324 [trainer.py] => fixed_memory: False
2025-11-25 21:44:28,324 [trainer.py] => shuffle: True
2025-11-25 21:44:28,324 [trainer.py] => init_cls: 10
2025-11-25 21:44:28,324 [trainer.py] => increment: 10
2025-11-25 21:44:28,324 [trainer.py] => model_name: adapter_clip
2025-11-25 21:44:28,324 [trainer.py] => convnet_type: clip
2025-11-25 21:44:28,324 [trainer.py] => init_lr: 0.001
2025-11-25 21:44:28,324 [trainer.py] => batch_size: 64
2025-11-25 21:44:28,324 [trainer.py] => weight_decay: 0.05
2025-11-25 21:44:28,324 [trainer.py] => min_lr: 0
2025-11-25 21:44:28,324 [trainer.py] => optimizer: sgd
2025-11-25 21:44:28,324 [trainer.py] => tuned_epoch: 10
2025-11-25 21:44:28,324 [trainer.py] => device: [device(type='cuda', index=0)]
2025-11-25 21:44:28,324 [trainer.py] => seed: 1993
2025-11-25 21:44:29,469 [data_manager.py] => [68, 56, 78, 8, 23, 84, 90, 65, 74, 76, 40, 89, 3, 92, 55, 9, 26, 80, 43, 38, 58, 70, 77, 1, 85, 19, 17, 50, 28, 53, 13, 81, 45, 82, 6, 59, 83, 16, 15, 44, 91, 41, 72, 60, 79, 52, 20, 10, 31, 54, 37, 95, 14, 71, 96, 98, 97, 2, 64, 66, 42, 22, 35, 86, 24, 34, 87, 21, 99, 0, 88, 27, 18, 94, 11, 12, 47, 25, 30, 46, 62, 69, 36, 61, 7, 63, 75, 5, 32, 4, 51, 48, 73, 93, 39, 67, 29, 49, 57, 33]
2025-11-25 21:44:29,989 [instantiator.py] => Created a temporary directory at /tmp/tmpak8uv7qd
2025-11-25 21:44:29,989 [instantiator.py] => Writing /tmp/tmpak8uv7qd/_remote_module_non_sriptable.py
2025-11-25 21:44:30,118 [factory.py] => Loaded ViT-B-16 model config.
2025-11-25 21:44:31,668 [factory.py] => Loading pretrained ViT-B-16 weights (laion400m_e32).
2025-11-25 21:44:31,950 [factory.py] => Loaded ViT-B-16 model config.
2025-11-25 21:44:33,114 [factory.py] => Loading pretrained ViT-B-16 weights (laion400m_e32).
2025-11-25 21:44:33,408 [adapter_clip.py] => Using AdapterClipNet with adapter configuration
2025-11-25 21:44:33,409 [trainer.py] => All params: 149719873
2025-11-25 21:44:33,409 [trainer.py] => Trainable params: 99136
2025-11-25 21:44:33,409 [adapter_clip.py] => Learning on 0-10
2025-11-25 21:51:30,328 [adapter_clip.py] => Exemplar size: 0
2025-11-25 21:51:30,332 [trainer.py] => CNN: {'total': 95.7, '00-09': 95.7, 'old': 0, 'new': 95.7, 'harmonic': 0.0}
2025-11-25 21:51:30,333 [trainer.py] => CNN top1 curve: [95.7]
2025-11-25 21:51:30,333 [trainer.py] => CNN top5 curve: [99.9]

2025-11-25 21:51:30,333 [trainer.py] => Average Accuracy (CNN): 95.7
2025-11-25 21:51:30,334 [trainer.py] => All params: 149719873
2025-11-25 21:51:30,334 [trainer.py] => Trainable params: 99136
2025-11-25 21:51:30,334 [adapter_clip.py] => Learning on 10-20
2025-11-25 21:59:19,108 [adapter_clip.py] => Exemplar size: 0
2025-11-25 21:59:19,108 [trainer.py] => CNN: {'total': 90.5, '00-09': 93.2, '10-19': 87.8, 'old': 93.2, 'new': 87.8, 'harmonic': 90.42}
2025-11-25 21:59:19,108 [trainer.py] => CNN top1 curve: [95.7, 90.5]
2025-11-25 21:59:19,108 [trainer.py] => CNN top5 curve: [99.9, 98.75]

2025-11-25 21:59:19,108 [trainer.py] => Average Accuracy (CNN): 93.1
2025-11-25 21:59:19,109 [trainer.py] => All params: 149719873
2025-11-25 21:59:19,109 [trainer.py] => Trainable params: 99136
2025-11-25 21:59:19,109 [adapter_clip.py] => Learning on 20-30
2025-11-25 22:08:08,601 [adapter_clip.py] => Exemplar size: 0
2025-11-25 22:08:08,601 [trainer.py] => CNN: {'total': 88.23, '00-09': 89.0, '10-19': 85.8, '20-29': 89.9, 'old': 87.4, 'new': 89.9, 'harmonic': 88.63}
2025-11-25 22:08:08,602 [trainer.py] => CNN top1 curve: [95.7, 90.5, 88.23]
2025-11-25 22:08:08,602 [trainer.py] => CNN top5 curve: [99.9, 98.75, 98.17]

2025-11-25 22:08:08,602 [trainer.py] => Average Accuracy (CNN): 91.47666666666667
2025-11-25 22:08:08,602 [trainer.py] => All params: 149719873
2025-11-25 22:08:08,603 [trainer.py] => Trainable params: 99136
2025-11-25 22:08:08,603 [adapter_clip.py] => Learning on 30-40
2025-11-25 22:18:02,021 [adapter_clip.py] => Exemplar size: 0
2025-11-25 22:18:02,021 [trainer.py] => CNN: {'total': 84.82, '00-09': 85.5, '10-19': 81.7, '20-29': 87.9, '30-39': 84.2, 'old': 85.03, 'new': 84.2, 'harmonic': 84.61}
2025-11-25 22:18:02,021 [trainer.py] => CNN top1 curve: [95.7, 90.5, 88.23, 84.82]
2025-11-25 22:18:02,021 [trainer.py] => CNN top5 curve: [99.9, 98.75, 98.17, 97.38]

2025-11-25 22:18:02,021 [trainer.py] => Average Accuracy (CNN): 89.8125
2025-11-25 22:18:02,022 [trainer.py] => All params: 149719873
2025-11-25 22:18:02,022 [trainer.py] => Trainable params: 99136
2025-11-25 22:18:02,022 [adapter_clip.py] => Learning on 40-50
2025-11-25 22:28:57,705 [adapter_clip.py] => Exemplar size: 0
2025-11-25 22:28:57,706 [trainer.py] => CNN: {'total': 80.5, '00-09': 80.6, '10-19': 72.4, '20-29': 81.2, '30-39': 78.6, '40-49': 89.7, 'old': 78.2, 'new': 89.7, 'harmonic': 83.56}
2025-11-25 22:28:57,706 [trainer.py] => CNN top1 curve: [95.7, 90.5, 88.23, 84.82, 80.5]
2025-11-25 22:28:57,706 [trainer.py] => CNN top5 curve: [99.9, 98.75, 98.17, 97.38, 95.92]

2025-11-25 22:28:57,706 [trainer.py] => Average Accuracy (CNN): 87.95
2025-11-25 22:28:57,708 [trainer.py] => All params: 149719873
2025-11-25 22:28:57,714 [trainer.py] => Trainable params: 99136
2025-11-25 22:28:57,714 [adapter_clip.py] => Learning on 50-60
2025-11-26 12:53:35,335 [trainer.py] => config: ./exps/adapter.json
2025-11-26 12:53:35,335 [trainer.py] => prefix: reproduce
2025-11-26 12:53:35,335 [trainer.py] => dataset: cifar224
2025-11-26 12:53:35,335 [trainer.py] => memory_size: 0
2025-11-26 12:53:35,335 [trainer.py] => memory_per_class: 0
2025-11-26 12:53:35,335 [trainer.py] => fixed_memory: False
2025-11-26 12:53:35,335 [trainer.py] => shuffle: True
2025-11-26 12:53:35,336 [trainer.py] => init_cls: 10
2025-11-26 12:53:35,336 [trainer.py] => increment: 10
2025-11-26 12:53:35,336 [trainer.py] => model_name: adapter_clip
2025-11-26 12:53:35,336 [trainer.py] => convnet_type: clip
2025-11-26 12:53:35,336 [trainer.py] => init_lr: 0.001
2025-11-26 12:53:35,336 [trainer.py] => batch_size: 64
2025-11-26 12:53:35,336 [trainer.py] => weight_decay: 0.05
2025-11-26 12:53:35,336 [trainer.py] => min_lr: 0
2025-11-26 12:53:35,336 [trainer.py] => optimizer: sgd
2025-11-26 12:53:35,336 [trainer.py] => tuned_epoch: 10
2025-11-26 12:53:35,336 [trainer.py] => device: [device(type='cuda', index=0)]
2025-11-26 12:53:35,336 [trainer.py] => seed: 1993
2025-11-26 12:53:36,652 [data_manager.py] => [68, 56, 78, 8, 23, 84, 90, 65, 74, 76, 40, 89, 3, 92, 55, 9, 26, 80, 43, 38, 58, 70, 77, 1, 85, 19, 17, 50, 28, 53, 13, 81, 45, 82, 6, 59, 83, 16, 15, 44, 91, 41, 72, 60, 79, 52, 20, 10, 31, 54, 37, 95, 14, 71, 96, 98, 97, 2, 64, 66, 42, 22, 35, 86, 24, 34, 87, 21, 99, 0, 88, 27, 18, 94, 11, 12, 47, 25, 30, 46, 62, 69, 36, 61, 7, 63, 75, 5, 32, 4, 51, 48, 73, 93, 39, 67, 29, 49, 57, 33]
2025-11-26 12:53:37,268 [instantiator.py] => Created a temporary directory at /tmp/tmp6kdics9j
2025-11-26 12:53:37,269 [instantiator.py] => Writing /tmp/tmp6kdics9j/_remote_module_non_sriptable.py
2025-11-26 12:53:37,431 [factory.py] => Loaded ViT-B-16 model config.
2025-11-26 12:53:39,602 [factory.py] => Loading pretrained ViT-B-16 weights (laion400m_e32).
2025-11-26 12:53:40,020 [factory.py] => Loaded ViT-B-16 model config.
2025-11-26 12:53:41,486 [factory.py] => Loading pretrained ViT-B-16 weights (laion400m_e32).
2025-11-26 12:55:31,098 [trainer.py] => config: ./exps/adapter.json
2025-11-26 12:55:31,098 [trainer.py] => prefix: reproduce
2025-11-26 12:55:31,098 [trainer.py] => dataset: cifar224
2025-11-26 12:55:31,098 [trainer.py] => memory_size: 0
2025-11-26 12:55:31,098 [trainer.py] => memory_per_class: 0
2025-11-26 12:55:31,098 [trainer.py] => fixed_memory: False
2025-11-26 12:55:31,098 [trainer.py] => shuffle: True
2025-11-26 12:55:31,098 [trainer.py] => init_cls: 10
2025-11-26 12:55:31,098 [trainer.py] => increment: 10
2025-11-26 12:55:31,098 [trainer.py] => model_name: adapter_clip
2025-11-26 12:55:31,098 [trainer.py] => convnet_type: clip
2025-11-26 12:55:31,098 [trainer.py] => init_lr: 0.001
2025-11-26 12:55:31,098 [trainer.py] => batch_size: 64
2025-11-26 12:55:31,098 [trainer.py] => weight_decay: 0.05
2025-11-26 12:55:31,098 [trainer.py] => min_lr: 0
2025-11-26 12:55:31,098 [trainer.py] => optimizer: sgd
2025-11-26 12:55:31,098 [trainer.py] => tuned_epoch: 10
2025-11-26 12:55:31,098 [trainer.py] => device: [device(type='cuda', index=0)]
2025-11-26 12:55:31,098 [trainer.py] => seed: 1993
2025-11-26 12:55:32,343 [data_manager.py] => [68, 56, 78, 8, 23, 84, 90, 65, 74, 76, 40, 89, 3, 92, 55, 9, 26, 80, 43, 38, 58, 70, 77, 1, 85, 19, 17, 50, 28, 53, 13, 81, 45, 82, 6, 59, 83, 16, 15, 44, 91, 41, 72, 60, 79, 52, 20, 10, 31, 54, 37, 95, 14, 71, 96, 98, 97, 2, 64, 66, 42, 22, 35, 86, 24, 34, 87, 21, 99, 0, 88, 27, 18, 94, 11, 12, 47, 25, 30, 46, 62, 69, 36, 61, 7, 63, 75, 5, 32, 4, 51, 48, 73, 93, 39, 67, 29, 49, 57, 33]
2025-11-26 12:55:32,728 [instantiator.py] => Created a temporary directory at /tmp/tmps2yr7i3m
2025-11-26 12:55:32,728 [instantiator.py] => Writing /tmp/tmps2yr7i3m/_remote_module_non_sriptable.py
2025-11-26 12:55:32,839 [factory.py] => Loaded ViT-B-16 model config.
2025-11-26 12:55:34,494 [factory.py] => Loading pretrained ViT-B-16 weights (laion400m_e32).
2025-11-26 12:55:34,793 [factory.py] => Loaded ViT-B-16 model config.
2025-11-26 12:55:36,091 [factory.py] => Loading pretrained ViT-B-16 weights (laion400m_e32).
2025-11-26 12:57:44,206 [trainer.py] => config: ./exps/adapter.json
2025-11-26 12:57:44,206 [trainer.py] => prefix: reproduce
2025-11-26 12:57:44,206 [trainer.py] => dataset: cifar224
2025-11-26 12:57:44,206 [trainer.py] => memory_size: 0
2025-11-26 12:57:44,206 [trainer.py] => memory_per_class: 0
2025-11-26 12:57:44,206 [trainer.py] => fixed_memory: False
2025-11-26 12:57:44,206 [trainer.py] => shuffle: True
2025-11-26 12:57:44,206 [trainer.py] => init_cls: 10
2025-11-26 12:57:44,206 [trainer.py] => increment: 10
2025-11-26 12:57:44,206 [trainer.py] => model_name: adapter_clip
2025-11-26 12:57:44,206 [trainer.py] => convnet_type: clip
2025-11-26 12:57:44,206 [trainer.py] => init_lr: 0.001
2025-11-26 12:57:44,207 [trainer.py] => batch_size: 64
2025-11-26 12:57:44,207 [trainer.py] => weight_decay: 0.05
2025-11-26 12:57:44,207 [trainer.py] => min_lr: 0
2025-11-26 12:57:44,207 [trainer.py] => optimizer: sgd
2025-11-26 12:57:44,207 [trainer.py] => tuned_epoch: 10
2025-11-26 12:57:44,207 [trainer.py] => device: [device(type='cuda', index=0)]
2025-11-26 12:57:44,207 [trainer.py] => seed: 1993
2025-11-26 12:57:46,872 [data_manager.py] => [68, 56, 78, 8, 23, 84, 90, 65, 74, 76, 40, 89, 3, 92, 55, 9, 26, 80, 43, 38, 58, 70, 77, 1, 85, 19, 17, 50, 28, 53, 13, 81, 45, 82, 6, 59, 83, 16, 15, 44, 91, 41, 72, 60, 79, 52, 20, 10, 31, 54, 37, 95, 14, 71, 96, 98, 97, 2, 64, 66, 42, 22, 35, 86, 24, 34, 87, 21, 99, 0, 88, 27, 18, 94, 11, 12, 47, 25, 30, 46, 62, 69, 36, 61, 7, 63, 75, 5, 32, 4, 51, 48, 73, 93, 39, 67, 29, 49, 57, 33]
2025-11-26 12:57:47,176 [instantiator.py] => Created a temporary directory at /tmp/tmpn86wgt8u
2025-11-26 12:57:47,177 [instantiator.py] => Writing /tmp/tmpn86wgt8u/_remote_module_non_sriptable.py
2025-11-26 12:57:47,310 [factory.py] => Loaded ViT-B-16 model config.
2025-11-26 12:57:48,929 [factory.py] => Loading pretrained ViT-B-16 weights (laion400m_e32).
2025-11-26 12:57:49,221 [factory.py] => Loaded ViT-B-16 model config.
2025-11-26 12:57:50,550 [factory.py] => Loading pretrained ViT-B-16 weights (laion400m_e32).
2025-11-26 12:58:43,448 [trainer.py] => config: ./exps/adapter.json
2025-11-26 12:58:43,448 [trainer.py] => prefix: reproduce
2025-11-26 12:58:43,448 [trainer.py] => dataset: cifar224
2025-11-26 12:58:43,448 [trainer.py] => memory_size: 0
2025-11-26 12:58:43,448 [trainer.py] => memory_per_class: 0
2025-11-26 12:58:43,448 [trainer.py] => fixed_memory: False
2025-11-26 12:58:43,448 [trainer.py] => shuffle: True
2025-11-26 12:58:43,448 [trainer.py] => init_cls: 10
2025-11-26 12:58:43,448 [trainer.py] => increment: 10
2025-11-26 12:58:43,448 [trainer.py] => model_name: adapter_clip
2025-11-26 12:58:43,448 [trainer.py] => convnet_type: clip
2025-11-26 12:58:43,448 [trainer.py] => init_lr: 0.001
2025-11-26 12:58:43,448 [trainer.py] => batch_size: 64
2025-11-26 12:58:43,448 [trainer.py] => weight_decay: 0.05
2025-11-26 12:58:43,448 [trainer.py] => min_lr: 0
2025-11-26 12:58:43,448 [trainer.py] => optimizer: sgd
2025-11-26 12:58:43,448 [trainer.py] => tuned_epoch: 10
2025-11-26 12:58:43,448 [trainer.py] => device: [device(type='cuda', index=0)]
2025-11-26 12:58:43,448 [trainer.py] => seed: 1993
2025-11-26 12:58:44,537 [data_manager.py] => [68, 56, 78, 8, 23, 84, 90, 65, 74, 76, 40, 89, 3, 92, 55, 9, 26, 80, 43, 38, 58, 70, 77, 1, 85, 19, 17, 50, 28, 53, 13, 81, 45, 82, 6, 59, 83, 16, 15, 44, 91, 41, 72, 60, 79, 52, 20, 10, 31, 54, 37, 95, 14, 71, 96, 98, 97, 2, 64, 66, 42, 22, 35, 86, 24, 34, 87, 21, 99, 0, 88, 27, 18, 94, 11, 12, 47, 25, 30, 46, 62, 69, 36, 61, 7, 63, 75, 5, 32, 4, 51, 48, 73, 93, 39, 67, 29, 49, 57, 33]
2025-11-26 12:58:44,847 [instantiator.py] => Created a temporary directory at /tmp/tmpjfzv5z2d
2025-11-26 12:58:44,847 [instantiator.py] => Writing /tmp/tmpjfzv5z2d/_remote_module_non_sriptable.py
2025-11-26 12:58:44,947 [factory.py] => Loaded ViT-B-16 model config.
2025-11-26 12:58:46,448 [factory.py] => Loading pretrained ViT-B-16 weights (laion400m_e32).
2025-11-26 12:58:46,701 [factory.py] => Loaded ViT-B-16 model config.
2025-11-26 12:58:47,911 [factory.py] => Loading pretrained ViT-B-16 weights (laion400m_e32).
2025-11-26 13:00:59,107 [trainer.py] => config: ./exps/adapter.json
2025-11-26 13:00:59,108 [trainer.py] => prefix: reproduce
2025-11-26 13:00:59,108 [trainer.py] => dataset: cifar224
2025-11-26 13:00:59,108 [trainer.py] => memory_size: 0
2025-11-26 13:00:59,108 [trainer.py] => memory_per_class: 0
2025-11-26 13:00:59,108 [trainer.py] => fixed_memory: False
2025-11-26 13:00:59,108 [trainer.py] => shuffle: True
2025-11-26 13:00:59,108 [trainer.py] => init_cls: 10
2025-11-26 13:00:59,108 [trainer.py] => increment: 10
2025-11-26 13:00:59,108 [trainer.py] => model_name: adapter_clip
2025-11-26 13:00:59,108 [trainer.py] => convnet_type: clip
2025-11-26 13:00:59,108 [trainer.py] => init_lr: 0.001
2025-11-26 13:00:59,108 [trainer.py] => batch_size: 64
2025-11-26 13:00:59,108 [trainer.py] => weight_decay: 0.05
2025-11-26 13:00:59,108 [trainer.py] => min_lr: 0
2025-11-26 13:00:59,108 [trainer.py] => optimizer: sgd
2025-11-26 13:00:59,108 [trainer.py] => tuned_epoch: 10
2025-11-26 13:00:59,109 [trainer.py] => device: [device(type='cuda', index=0)]
2025-11-26 13:00:59,109 [trainer.py] => seed: 1993
2025-11-26 13:01:00,267 [data_manager.py] => [68, 56, 78, 8, 23, 84, 90, 65, 74, 76, 40, 89, 3, 92, 55, 9, 26, 80, 43, 38, 58, 70, 77, 1, 85, 19, 17, 50, 28, 53, 13, 81, 45, 82, 6, 59, 83, 16, 15, 44, 91, 41, 72, 60, 79, 52, 20, 10, 31, 54, 37, 95, 14, 71, 96, 98, 97, 2, 64, 66, 42, 22, 35, 86, 24, 34, 87, 21, 99, 0, 88, 27, 18, 94, 11, 12, 47, 25, 30, 46, 62, 69, 36, 61, 7, 63, 75, 5, 32, 4, 51, 48, 73, 93, 39, 67, 29, 49, 57, 33]
2025-11-26 13:01:00,584 [instantiator.py] => Created a temporary directory at /tmp/tmpi8ucev26
2025-11-26 13:01:00,585 [instantiator.py] => Writing /tmp/tmpi8ucev26/_remote_module_non_sriptable.py
2025-11-26 13:01:00,698 [factory.py] => Loaded ViT-B-16 model config.
2025-11-26 13:01:02,260 [factory.py] => Loading pretrained ViT-B-16 weights (laion400m_e32).
2025-11-26 13:01:02,554 [factory.py] => Loaded ViT-B-16 model config.
2025-11-26 13:01:03,894 [factory.py] => Loading pretrained ViT-B-16 weights (laion400m_e32).
2025-11-26 13:01:13,032 [trainer.py] => config: ./exps/adapter.json
2025-11-26 13:01:13,032 [trainer.py] => prefix: reproduce
2025-11-26 13:01:13,032 [trainer.py] => dataset: cifar224
2025-11-26 13:01:13,032 [trainer.py] => memory_size: 0
2025-11-26 13:01:13,032 [trainer.py] => memory_per_class: 0
2025-11-26 13:01:13,032 [trainer.py] => fixed_memory: False
2025-11-26 13:01:13,032 [trainer.py] => shuffle: True
2025-11-26 13:01:13,032 [trainer.py] => init_cls: 10
2025-11-26 13:01:13,032 [trainer.py] => increment: 10
2025-11-26 13:01:13,032 [trainer.py] => model_name: adapter_clip
2025-11-26 13:01:13,032 [trainer.py] => convnet_type: clip
2025-11-26 13:01:13,032 [trainer.py] => init_lr: 0.001
2025-11-26 13:01:13,033 [trainer.py] => batch_size: 64
2025-11-26 13:01:13,033 [trainer.py] => weight_decay: 0.05
2025-11-26 13:01:13,033 [trainer.py] => min_lr: 0
2025-11-26 13:01:13,033 [trainer.py] => optimizer: sgd
2025-11-26 13:01:13,033 [trainer.py] => tuned_epoch: 10
2025-11-26 13:01:13,033 [trainer.py] => device: [device(type='cuda', index=0)]
2025-11-26 13:01:13,033 [trainer.py] => seed: 1993
2025-11-26 13:01:14,232 [data_manager.py] => [68, 56, 78, 8, 23, 84, 90, 65, 74, 76, 40, 89, 3, 92, 55, 9, 26, 80, 43, 38, 58, 70, 77, 1, 85, 19, 17, 50, 28, 53, 13, 81, 45, 82, 6, 59, 83, 16, 15, 44, 91, 41, 72, 60, 79, 52, 20, 10, 31, 54, 37, 95, 14, 71, 96, 98, 97, 2, 64, 66, 42, 22, 35, 86, 24, 34, 87, 21, 99, 0, 88, 27, 18, 94, 11, 12, 47, 25, 30, 46, 62, 69, 36, 61, 7, 63, 75, 5, 32, 4, 51, 48, 73, 93, 39, 67, 29, 49, 57, 33]
2025-11-26 13:01:14,569 [instantiator.py] => Created a temporary directory at /tmp/tmpglm7tm2h
2025-11-26 13:01:14,569 [instantiator.py] => Writing /tmp/tmpglm7tm2h/_remote_module_non_sriptable.py
2025-11-26 13:01:14,681 [factory.py] => Loaded ViT-B-16 model config.
2025-11-26 13:01:16,246 [factory.py] => Loading pretrained ViT-B-16 weights (laion400m_e32).
2025-11-26 13:01:16,537 [factory.py] => Loaded ViT-B-16 model config.
2025-11-26 13:01:17,883 [factory.py] => Loading pretrained ViT-B-16 weights (laion400m_e32).
2025-11-26 13:01:35,596 [trainer.py] => config: ./exps/adapter.json
2025-11-26 13:01:35,596 [trainer.py] => prefix: reproduce
2025-11-26 13:01:35,596 [trainer.py] => dataset: cifar224
2025-11-26 13:01:35,596 [trainer.py] => memory_size: 0
2025-11-26 13:01:35,596 [trainer.py] => memory_per_class: 0
2025-11-26 13:01:35,596 [trainer.py] => fixed_memory: False
2025-11-26 13:01:35,596 [trainer.py] => shuffle: True
2025-11-26 13:01:35,596 [trainer.py] => init_cls: 10
2025-11-26 13:01:35,596 [trainer.py] => increment: 10
2025-11-26 13:01:35,596 [trainer.py] => model_name: adapter_clip
2025-11-26 13:01:35,596 [trainer.py] => convnet_type: clip
2025-11-26 13:01:35,596 [trainer.py] => init_lr: 0.001
2025-11-26 13:01:35,596 [trainer.py] => batch_size: 64
2025-11-26 13:01:35,596 [trainer.py] => weight_decay: 0.05
2025-11-26 13:01:35,596 [trainer.py] => min_lr: 0
2025-11-26 13:01:35,596 [trainer.py] => optimizer: sgd
2025-11-26 13:01:35,596 [trainer.py] => tuned_epoch: 10
2025-11-26 13:01:35,596 [trainer.py] => device: [device(type='cuda', index=0)]
2025-11-26 13:01:35,596 [trainer.py] => seed: 1993
2025-11-26 13:01:36,788 [data_manager.py] => [68, 56, 78, 8, 23, 84, 90, 65, 74, 76, 40, 89, 3, 92, 55, 9, 26, 80, 43, 38, 58, 70, 77, 1, 85, 19, 17, 50, 28, 53, 13, 81, 45, 82, 6, 59, 83, 16, 15, 44, 91, 41, 72, 60, 79, 52, 20, 10, 31, 54, 37, 95, 14, 71, 96, 98, 97, 2, 64, 66, 42, 22, 35, 86, 24, 34, 87, 21, 99, 0, 88, 27, 18, 94, 11, 12, 47, 25, 30, 46, 62, 69, 36, 61, 7, 63, 75, 5, 32, 4, 51, 48, 73, 93, 39, 67, 29, 49, 57, 33]
2025-11-26 13:01:37,110 [instantiator.py] => Created a temporary directory at /tmp/tmpjq8he3t6
2025-11-26 13:01:37,110 [instantiator.py] => Writing /tmp/tmpjq8he3t6/_remote_module_non_sriptable.py
2025-11-26 13:01:37,221 [factory.py] => Loaded ViT-B-16 model config.
2025-11-26 13:01:38,892 [factory.py] => Loading pretrained ViT-B-16 weights (laion400m_e32).
2025-11-26 13:01:39,225 [factory.py] => Loaded ViT-B-16 model config.
2025-11-26 13:01:40,685 [factory.py] => Loading pretrained ViT-B-16 weights (laion400m_e32).
2025-11-26 13:01:41,040 [adapter_clip.py] => Using AdapterClipNet with adapter configuration
2025-11-26 13:01:41,041 [trainer.py] => All params: 150083457
2025-11-26 13:01:41,041 [trainer.py] => Trainable params: 462720
2025-11-26 13:01:41,042 [adapter_clip.py] => Learning on 0-10
2025-11-26 13:04:38,529 [trainer.py] => config: ./exps/adapter.json
2025-11-26 13:04:38,530 [trainer.py] => prefix: reproduce
2025-11-26 13:04:38,530 [trainer.py] => dataset: cifar224
2025-11-26 13:04:38,530 [trainer.py] => memory_size: 0
2025-11-26 13:04:38,531 [trainer.py] => memory_per_class: 0
2025-11-26 13:04:38,531 [trainer.py] => fixed_memory: False
2025-11-26 13:04:38,531 [trainer.py] => shuffle: True
2025-11-26 13:04:38,531 [trainer.py] => init_cls: 10
2025-11-26 13:04:38,531 [trainer.py] => increment: 10
2025-11-26 13:04:38,531 [trainer.py] => model_name: adapter_clip
2025-11-26 13:04:38,531 [trainer.py] => convnet_type: clip
2025-11-26 13:04:38,531 [trainer.py] => init_lr: 0.001
2025-11-26 13:04:38,531 [trainer.py] => batch_size: 64
2025-11-26 13:04:38,531 [trainer.py] => weight_decay: 0.05
2025-11-26 13:04:38,532 [trainer.py] => min_lr: 0
2025-11-26 13:04:38,532 [trainer.py] => optimizer: sgd
2025-11-26 13:04:38,532 [trainer.py] => tuned_epoch: 10
2025-11-26 13:04:38,532 [trainer.py] => device: [device(type='cuda', index=0)]
2025-11-26 13:04:38,532 [trainer.py] => seed: 1993
2025-11-26 13:04:39,716 [data_manager.py] => [68, 56, 78, 8, 23, 84, 90, 65, 74, 76, 40, 89, 3, 92, 55, 9, 26, 80, 43, 38, 58, 70, 77, 1, 85, 19, 17, 50, 28, 53, 13, 81, 45, 82, 6, 59, 83, 16, 15, 44, 91, 41, 72, 60, 79, 52, 20, 10, 31, 54, 37, 95, 14, 71, 96, 98, 97, 2, 64, 66, 42, 22, 35, 86, 24, 34, 87, 21, 99, 0, 88, 27, 18, 94, 11, 12, 47, 25, 30, 46, 62, 69, 36, 61, 7, 63, 75, 5, 32, 4, 51, 48, 73, 93, 39, 67, 29, 49, 57, 33]
2025-11-26 13:04:40,540 [instantiator.py] => Created a temporary directory at /tmp/tmpw113xwph
2025-11-26 13:04:40,541 [instantiator.py] => Writing /tmp/tmpw113xwph/_remote_module_non_sriptable.py
2025-11-26 13:04:40,727 [factory.py] => Loaded ViT-B-16 model config.
2025-11-26 13:04:42,357 [factory.py] => Loading pretrained ViT-B-16 weights (laion400m_e32).
2025-11-26 13:04:42,653 [factory.py] => Loaded ViT-B-16 model config.
2025-11-26 13:04:45,175 [factory.py] => Loading pretrained ViT-B-16 weights (laion400m_e32).
2025-11-26 13:04:45,475 [adapter_clip.py] => Using AdapterClipNet with adapter configuration
2025-11-26 13:04:45,476 [trainer.py] => All params: 150083457
2025-11-26 13:04:45,476 [trainer.py] => Trainable params: 462720
2025-11-26 13:04:45,477 [adapter_clip.py] => Learning on 0-10
2025-11-26 13:05:28,432 [trainer.py] => config: ./exps/adapter.json
2025-11-26 13:05:28,432 [trainer.py] => prefix: reproduce
2025-11-26 13:05:28,432 [trainer.py] => dataset: cifar224
2025-11-26 13:05:28,432 [trainer.py] => memory_size: 0
2025-11-26 13:05:28,432 [trainer.py] => memory_per_class: 0
2025-11-26 13:05:28,432 [trainer.py] => fixed_memory: False
2025-11-26 13:05:28,432 [trainer.py] => shuffle: True
2025-11-26 13:05:28,432 [trainer.py] => init_cls: 10
2025-11-26 13:05:28,433 [trainer.py] => increment: 10
2025-11-26 13:05:28,433 [trainer.py] => model_name: adapter_clip
2025-11-26 13:05:28,433 [trainer.py] => convnet_type: clip
2025-11-26 13:05:28,433 [trainer.py] => init_lr: 0.001
2025-11-26 13:05:28,433 [trainer.py] => batch_size: 64
2025-11-26 13:05:28,433 [trainer.py] => weight_decay: 0.05
2025-11-26 13:05:28,433 [trainer.py] => min_lr: 0
2025-11-26 13:05:28,433 [trainer.py] => optimizer: sgd
2025-11-26 13:05:28,433 [trainer.py] => tuned_epoch: 10
2025-11-26 13:05:28,433 [trainer.py] => device: [device(type='cuda', index=0)]
2025-11-26 13:05:28,433 [trainer.py] => seed: 1993
2025-11-26 13:05:29,587 [data_manager.py] => [68, 56, 78, 8, 23, 84, 90, 65, 74, 76, 40, 89, 3, 92, 55, 9, 26, 80, 43, 38, 58, 70, 77, 1, 85, 19, 17, 50, 28, 53, 13, 81, 45, 82, 6, 59, 83, 16, 15, 44, 91, 41, 72, 60, 79, 52, 20, 10, 31, 54, 37, 95, 14, 71, 96, 98, 97, 2, 64, 66, 42, 22, 35, 86, 24, 34, 87, 21, 99, 0, 88, 27, 18, 94, 11, 12, 47, 25, 30, 46, 62, 69, 36, 61, 7, 63, 75, 5, 32, 4, 51, 48, 73, 93, 39, 67, 29, 49, 57, 33]
2025-11-26 13:05:30,100 [instantiator.py] => Created a temporary directory at /tmp/tmp10nvpgd2
2025-11-26 13:05:30,100 [instantiator.py] => Writing /tmp/tmp10nvpgd2/_remote_module_non_sriptable.py
2025-11-26 13:05:30,231 [factory.py] => Loaded ViT-B-16 model config.
2025-11-26 13:05:31,881 [factory.py] => Loading pretrained ViT-B-16 weights (laion400m_e32).
2025-11-26 13:05:32,204 [factory.py] => Loaded ViT-B-16 model config.
2025-11-26 13:05:33,528 [factory.py] => Loading pretrained ViT-B-16 weights (laion400m_e32).
2025-11-26 13:05:33,859 [adapter_clip.py] => Using AdapterClipNet with adapter configuration
2025-11-26 13:05:33,860 [trainer.py] => All params: 150083457
2025-11-26 13:05:33,860 [trainer.py] => Trainable params: 462720
2025-11-26 13:05:33,860 [adapter_clip.py] => Learning on 0-10
2025-11-26 13:06:39,448 [trainer.py] => config: ./exps/adapter.json
2025-11-26 13:06:39,449 [trainer.py] => prefix: reproduce
2025-11-26 13:06:39,449 [trainer.py] => dataset: cifar224
2025-11-26 13:06:39,449 [trainer.py] => memory_size: 0
2025-11-26 13:06:39,449 [trainer.py] => memory_per_class: 0
2025-11-26 13:06:39,449 [trainer.py] => fixed_memory: False
2025-11-26 13:06:39,449 [trainer.py] => shuffle: True
2025-11-26 13:06:39,449 [trainer.py] => init_cls: 10
2025-11-26 13:06:39,449 [trainer.py] => increment: 10
2025-11-26 13:06:39,449 [trainer.py] => model_name: adapter_clip
2025-11-26 13:06:39,449 [trainer.py] => convnet_type: clip
2025-11-26 13:06:39,449 [trainer.py] => init_lr: 0.001
2025-11-26 13:06:39,449 [trainer.py] => batch_size: 64
2025-11-26 13:06:39,449 [trainer.py] => weight_decay: 0.05
2025-11-26 13:06:39,449 [trainer.py] => min_lr: 0
2025-11-26 13:06:39,449 [trainer.py] => optimizer: sgd
2025-11-26 13:06:39,449 [trainer.py] => tuned_epoch: 10
2025-11-26 13:06:39,449 [trainer.py] => device: [device(type='cuda', index=0)]
2025-11-26 13:06:39,450 [trainer.py] => seed: 1993
2025-11-26 13:06:40,667 [data_manager.py] => [68, 56, 78, 8, 23, 84, 90, 65, 74, 76, 40, 89, 3, 92, 55, 9, 26, 80, 43, 38, 58, 70, 77, 1, 85, 19, 17, 50, 28, 53, 13, 81, 45, 82, 6, 59, 83, 16, 15, 44, 91, 41, 72, 60, 79, 52, 20, 10, 31, 54, 37, 95, 14, 71, 96, 98, 97, 2, 64, 66, 42, 22, 35, 86, 24, 34, 87, 21, 99, 0, 88, 27, 18, 94, 11, 12, 47, 25, 30, 46, 62, 69, 36, 61, 7, 63, 75, 5, 32, 4, 51, 48, 73, 93, 39, 67, 29, 49, 57, 33]
2025-11-26 13:06:41,239 [instantiator.py] => Created a temporary directory at /tmp/tmpn048g6xo
2025-11-26 13:06:41,239 [instantiator.py] => Writing /tmp/tmpn048g6xo/_remote_module_non_sriptable.py
2025-11-26 13:06:41,393 [factory.py] => Loaded ViT-B-16 model config.
2025-11-26 13:06:42,994 [factory.py] => Loading pretrained ViT-B-16 weights (laion400m_e32).
2025-11-26 13:06:43,265 [factory.py] => Loaded ViT-B-16 model config.
2025-11-26 13:06:44,436 [factory.py] => Loading pretrained ViT-B-16 weights (laion400m_e32).
2025-11-26 13:06:44,714 [adapter_clip.py] => Using AdapterClipNet with adapter configuration
2025-11-26 13:06:44,714 [trainer.py] => All params: 150083457
2025-11-26 13:06:44,715 [trainer.py] => Trainable params: 462720
2025-11-26 13:06:44,715 [adapter_clip.py] => Learning on 0-10
2025-11-26 13:09:31,410 [trainer.py] => config: ./exps/adapter.json
2025-11-26 13:09:31,410 [trainer.py] => prefix: reproduce
2025-11-26 13:09:31,411 [trainer.py] => dataset: cifar224
2025-11-26 13:09:31,411 [trainer.py] => memory_size: 0
2025-11-26 13:09:31,411 [trainer.py] => memory_per_class: 0
2025-11-26 13:09:31,411 [trainer.py] => fixed_memory: False
2025-11-26 13:09:31,411 [trainer.py] => shuffle: True
2025-11-26 13:09:31,411 [trainer.py] => init_cls: 10
2025-11-26 13:09:31,411 [trainer.py] => increment: 10
2025-11-26 13:09:31,411 [trainer.py] => model_name: adapter_clip
2025-11-26 13:09:31,411 [trainer.py] => convnet_type: clip
2025-11-26 13:09:31,411 [trainer.py] => init_lr: 0.001
2025-11-26 13:09:31,411 [trainer.py] => batch_size: 64
2025-11-26 13:09:31,411 [trainer.py] => weight_decay: 0.05
2025-11-26 13:09:31,411 [trainer.py] => min_lr: 0
2025-11-26 13:09:31,411 [trainer.py] => optimizer: sgd
2025-11-26 13:09:31,411 [trainer.py] => tuned_epoch: 10
2025-11-26 13:09:31,411 [trainer.py] => device: [device(type='cuda', index=0)]
2025-11-26 13:09:31,411 [trainer.py] => seed: 1993
2025-11-26 13:09:32,505 [data_manager.py] => [68, 56, 78, 8, 23, 84, 90, 65, 74, 76, 40, 89, 3, 92, 55, 9, 26, 80, 43, 38, 58, 70, 77, 1, 85, 19, 17, 50, 28, 53, 13, 81, 45, 82, 6, 59, 83, 16, 15, 44, 91, 41, 72, 60, 79, 52, 20, 10, 31, 54, 37, 95, 14, 71, 96, 98, 97, 2, 64, 66, 42, 22, 35, 86, 24, 34, 87, 21, 99, 0, 88, 27, 18, 94, 11, 12, 47, 25, 30, 46, 62, 69, 36, 61, 7, 63, 75, 5, 32, 4, 51, 48, 73, 93, 39, 67, 29, 49, 57, 33]
2025-11-26 13:09:33,015 [instantiator.py] => Created a temporary directory at /tmp/tmpyn7555ov
2025-11-26 13:09:33,015 [instantiator.py] => Writing /tmp/tmpyn7555ov/_remote_module_non_sriptable.py
2025-11-26 13:09:33,148 [factory.py] => Loaded ViT-B-16 model config.
2025-11-26 13:09:34,766 [factory.py] => Loading pretrained ViT-B-16 weights (laion400m_e32).
2025-11-26 13:09:35,053 [factory.py] => Loaded ViT-B-16 model config.
2025-11-26 13:09:36,309 [factory.py] => Loading pretrained ViT-B-16 weights (laion400m_e32).
2025-11-26 13:09:36,624 [adapter_clip.py] => Using AdapterClipNet with adapter configuration
2025-11-26 13:09:36,624 [trainer.py] => All params: 150083457
2025-11-26 13:09:36,625 [trainer.py] => Trainable params: 462720
2025-11-26 13:09:36,625 [adapter_clip.py] => Learning on 0-10
2025-11-26 13:17:10,337 [trainer.py] => CNN: {'total': 95.7, '00-09': 95.7, 'old': 0, 'new': 95.7, 'harmonic': 0.0}
2025-11-26 13:17:10,354 [trainer.py] => CNN top1 curve: [95.7]
2025-11-26 13:17:10,355 [trainer.py] => CNN top5 curve: [100.0]

2025-11-26 13:17:10,355 [trainer.py] => Average Accuracy (CNN): 95.7
2025-11-26 13:17:10,358 [trainer.py] => All params: 150083457
2025-11-26 13:17:10,359 [trainer.py] => Trainable params: 462720
2025-11-26 13:17:10,360 [adapter_clip.py] => Learning on 10-20
2025-11-26 13:31:19,876 [trainer.py] => CNN: {'total': 90.25, '00-09': 93.1, '10-19': 87.4, 'old': 93.1, 'new': 87.4, 'harmonic': 90.16}
2025-11-26 13:31:19,876 [trainer.py] => CNN top1 curve: [95.7, 90.25]
2025-11-26 13:31:19,876 [trainer.py] => CNN top5 curve: [100.0, 98.7]

2025-11-26 13:31:19,876 [trainer.py] => Average Accuracy (CNN): 92.975
2025-11-26 13:31:19,877 [trainer.py] => All params: 150083457
2025-11-26 13:31:19,877 [trainer.py] => Trainable params: 462720
2025-11-26 13:31:19,877 [adapter_clip.py] => Learning on 20-30
2025-11-26 13:37:13,946 [trainer.py] => config: ./exps/adapter.json
2025-11-26 13:37:13,946 [trainer.py] => prefix: reproduce
2025-11-26 13:37:13,947 [trainer.py] => dataset: cifar224
2025-11-26 13:37:13,947 [trainer.py] => memory_size: 0
2025-11-26 13:37:13,947 [trainer.py] => memory_per_class: 0
2025-11-26 13:37:13,947 [trainer.py] => fixed_memory: False
2025-11-26 13:37:13,947 [trainer.py] => shuffle: True
2025-11-26 13:37:13,947 [trainer.py] => init_cls: 10
2025-11-26 13:37:13,947 [trainer.py] => increment: 10
2025-11-26 13:37:13,947 [trainer.py] => model_name: adapter_clip
2025-11-26 13:37:13,947 [trainer.py] => convnet_type: clip
2025-11-26 13:37:13,947 [trainer.py] => init_lr: 0.001
2025-11-26 13:37:13,947 [trainer.py] => batch_size: 64
2025-11-26 13:37:13,947 [trainer.py] => weight_decay: 0.05
2025-11-26 13:37:13,947 [trainer.py] => min_lr: 0
2025-11-26 13:37:13,947 [trainer.py] => optimizer: sgd
2025-11-26 13:37:13,947 [trainer.py] => tuned_epoch: 10
2025-11-26 13:37:13,947 [trainer.py] => device: [device(type='cuda', index=0)]
2025-11-26 13:37:13,947 [trainer.py] => seed: 1993
2025-11-26 13:37:15,076 [data_manager.py] => [68, 56, 78, 8, 23, 84, 90, 65, 74, 76, 40, 89, 3, 92, 55, 9, 26, 80, 43, 38, 58, 70, 77, 1, 85, 19, 17, 50, 28, 53, 13, 81, 45, 82, 6, 59, 83, 16, 15, 44, 91, 41, 72, 60, 79, 52, 20, 10, 31, 54, 37, 95, 14, 71, 96, 98, 97, 2, 64, 66, 42, 22, 35, 86, 24, 34, 87, 21, 99, 0, 88, 27, 18, 94, 11, 12, 47, 25, 30, 46, 62, 69, 36, 61, 7, 63, 75, 5, 32, 4, 51, 48, 73, 93, 39, 67, 29, 49, 57, 33]
2025-11-26 13:37:15,625 [instantiator.py] => Created a temporary directory at /tmp/tmps5hc7ltx
2025-11-26 13:37:15,625 [instantiator.py] => Writing /tmp/tmps5hc7ltx/_remote_module_non_sriptable.py
2025-11-26 13:37:15,767 [factory.py] => Loaded ViT-B-16 model config.
2025-11-26 13:37:17,389 [factory.py] => Loading pretrained ViT-B-16 weights (laion400m_e32).
2025-11-26 13:37:17,741 [factory.py] => Loaded ViT-B-16 model config.
2025-11-26 13:37:19,034 [factory.py] => Loading pretrained ViT-B-16 weights (laion400m_e32).
2025-11-26 13:37:19,369 [adapter_clip.py] => Using AdapterClipNet with adapter configuration
2025-11-26 13:37:19,370 [trainer.py] => All params: 150083457
2025-11-26 13:37:19,370 [trainer.py] => Trainable params: 462720
2025-11-26 13:37:19,370 [adapter_clip.py] => Learning on 0-10
2025-11-26 13:40:47,513 [trainer.py] => config: ./exps/adapter.json
2025-11-26 13:40:47,514 [trainer.py] => prefix: reproduce
2025-11-26 13:40:47,514 [trainer.py] => dataset: cifar224
2025-11-26 13:40:47,514 [trainer.py] => memory_size: 0
2025-11-26 13:40:47,514 [trainer.py] => memory_per_class: 0
2025-11-26 13:40:47,514 [trainer.py] => fixed_memory: False
2025-11-26 13:40:47,514 [trainer.py] => shuffle: True
2025-11-26 13:40:47,514 [trainer.py] => init_cls: 10
2025-11-26 13:40:47,514 [trainer.py] => increment: 10
2025-11-26 13:40:47,514 [trainer.py] => model_name: adapter_clip
2025-11-26 13:40:47,514 [trainer.py] => convnet_type: clip
2025-11-26 13:40:47,514 [trainer.py] => init_lr: 0.001
2025-11-26 13:40:47,514 [trainer.py] => batch_size: 64
2025-11-26 13:40:47,514 [trainer.py] => weight_decay: 0.05
2025-11-26 13:40:47,515 [trainer.py] => min_lr: 0
2025-11-26 13:40:47,515 [trainer.py] => optimizer: sgd
2025-11-26 13:40:47,515 [trainer.py] => tuned_epoch: 10
2025-11-26 13:40:47,515 [trainer.py] => device: [device(type='cuda', index=0)]
2025-11-26 13:40:47,515 [trainer.py] => seed: 1993
2025-11-26 13:40:48,622 [data_manager.py] => [68, 56, 78, 8, 23, 84, 90, 65, 74, 76, 40, 89, 3, 92, 55, 9, 26, 80, 43, 38, 58, 70, 77, 1, 85, 19, 17, 50, 28, 53, 13, 81, 45, 82, 6, 59, 83, 16, 15, 44, 91, 41, 72, 60, 79, 52, 20, 10, 31, 54, 37, 95, 14, 71, 96, 98, 97, 2, 64, 66, 42, 22, 35, 86, 24, 34, 87, 21, 99, 0, 88, 27, 18, 94, 11, 12, 47, 25, 30, 46, 62, 69, 36, 61, 7, 63, 75, 5, 32, 4, 51, 48, 73, 93, 39, 67, 29, 49, 57, 33]
2025-11-26 13:40:49,156 [instantiator.py] => Created a temporary directory at /tmp/tmp0wl77zdw
2025-11-26 13:40:49,156 [instantiator.py] => Writing /tmp/tmp0wl77zdw/_remote_module_non_sriptable.py
2025-11-26 13:40:49,294 [factory.py] => Loaded ViT-B-16 model config.
2025-11-26 13:40:51,063 [factory.py] => Loading pretrained ViT-B-16 weights (laion400m_e32).
2025-11-26 13:40:51,423 [factory.py] => Loaded ViT-B-16 model config.
2025-11-26 13:40:52,685 [factory.py] => Loading pretrained ViT-B-16 weights (laion400m_e32).
2025-11-26 13:40:53,120 [adapter_clip.py] => Using AdapterClipNet with adapter configuration
2025-11-26 13:40:53,120 [trainer.py] => All params: 150083457
2025-11-26 13:40:53,121 [trainer.py] => Trainable params: 462720
2025-11-26 13:40:53,121 [adapter_clip.py] => Learning on 0-10
2025-11-26 13:44:11,881 [trainer.py] => config: ./exps/adapter.json
2025-11-26 13:44:11,882 [trainer.py] => prefix: reproduce
2025-11-26 13:44:11,882 [trainer.py] => dataset: cifar224
2025-11-26 13:44:11,883 [trainer.py] => memory_size: 0
2025-11-26 13:44:11,883 [trainer.py] => memory_per_class: 0
2025-11-26 13:44:11,883 [trainer.py] => fixed_memory: False
2025-11-26 13:44:11,883 [trainer.py] => shuffle: True
2025-11-26 13:44:11,883 [trainer.py] => init_cls: 10
2025-11-26 13:44:11,883 [trainer.py] => increment: 10
2025-11-26 13:44:11,883 [trainer.py] => model_name: adapter_clip
2025-11-26 13:44:11,883 [trainer.py] => convnet_type: clip
2025-11-26 13:44:11,883 [trainer.py] => init_lr: 0.001
2025-11-26 13:44:11,883 [trainer.py] => batch_size: 64
2025-11-26 13:44:11,883 [trainer.py] => weight_decay: 0.05
2025-11-26 13:44:11,883 [trainer.py] => min_lr: 0
2025-11-26 13:44:11,883 [trainer.py] => optimizer: sgd
2025-11-26 13:44:11,883 [trainer.py] => tuned_epoch: 10
2025-11-26 13:44:11,883 [trainer.py] => device: [device(type='cuda', index=0)]
2025-11-26 13:44:11,883 [trainer.py] => seed: 1993
2025-11-26 13:44:13,109 [data_manager.py] => [68, 56, 78, 8, 23, 84, 90, 65, 74, 76, 40, 89, 3, 92, 55, 9, 26, 80, 43, 38, 58, 70, 77, 1, 85, 19, 17, 50, 28, 53, 13, 81, 45, 82, 6, 59, 83, 16, 15, 44, 91, 41, 72, 60, 79, 52, 20, 10, 31, 54, 37, 95, 14, 71, 96, 98, 97, 2, 64, 66, 42, 22, 35, 86, 24, 34, 87, 21, 99, 0, 88, 27, 18, 94, 11, 12, 47, 25, 30, 46, 62, 69, 36, 61, 7, 63, 75, 5, 32, 4, 51, 48, 73, 93, 39, 67, 29, 49, 57, 33]
2025-11-26 13:44:13,638 [instantiator.py] => Created a temporary directory at /tmp/tmpksf54lgj
2025-11-26 13:44:13,638 [instantiator.py] => Writing /tmp/tmpksf54lgj/_remote_module_non_sriptable.py
2025-11-26 13:44:13,787 [factory.py] => Loaded ViT-B-16 model config.
2025-11-26 13:44:15,393 [factory.py] => Loading pretrained ViT-B-16 weights (laion400m_e32).
2025-11-26 13:44:15,675 [factory.py] => Loaded ViT-B-16 model config.
2025-11-26 13:44:16,869 [factory.py] => Loading pretrained ViT-B-16 weights (laion400m_e32).
2025-11-26 13:44:17,169 [adapter_clip.py] => Using AdapterClipNet with adapter configuration
2025-11-26 13:44:17,170 [trainer.py] => All params: 150083457
2025-11-26 13:44:17,171 [trainer.py] => Trainable params: 462720
2025-11-26 13:44:17,171 [adapter_clip.py] => Learning on 0-10
2025-11-26 13:48:05,911 [trainer.py] => config: ./exps/adapter.json
2025-11-26 13:48:05,912 [trainer.py] => prefix: reproduce
2025-11-26 13:48:05,912 [trainer.py] => dataset: cifar224
2025-11-26 13:48:05,912 [trainer.py] => memory_size: 0
2025-11-26 13:48:05,912 [trainer.py] => memory_per_class: 0
2025-11-26 13:48:05,912 [trainer.py] => fixed_memory: False
2025-11-26 13:48:05,912 [trainer.py] => shuffle: True
2025-11-26 13:48:05,912 [trainer.py] => init_cls: 10
2025-11-26 13:48:05,913 [trainer.py] => increment: 10
2025-11-26 13:48:05,913 [trainer.py] => model_name: adapter_clip
2025-11-26 13:48:05,913 [trainer.py] => convnet_type: clip
2025-11-26 13:48:05,913 [trainer.py] => init_lr: 0.001
2025-11-26 13:48:05,913 [trainer.py] => batch_size: 64
2025-11-26 13:48:05,913 [trainer.py] => weight_decay: 0.05
2025-11-26 13:48:05,913 [trainer.py] => min_lr: 0
2025-11-26 13:48:05,913 [trainer.py] => optimizer: sgd
2025-11-26 13:48:05,913 [trainer.py] => tuned_epoch: 10
2025-11-26 13:48:05,913 [trainer.py] => device: [device(type='cuda', index=0)]
2025-11-26 13:48:05,913 [trainer.py] => seed: 1993
2025-11-26 13:48:07,065 [data_manager.py] => [68, 56, 78, 8, 23, 84, 90, 65, 74, 76, 40, 89, 3, 92, 55, 9, 26, 80, 43, 38, 58, 70, 77, 1, 85, 19, 17, 50, 28, 53, 13, 81, 45, 82, 6, 59, 83, 16, 15, 44, 91, 41, 72, 60, 79, 52, 20, 10, 31, 54, 37, 95, 14, 71, 96, 98, 97, 2, 64, 66, 42, 22, 35, 86, 24, 34, 87, 21, 99, 0, 88, 27, 18, 94, 11, 12, 47, 25, 30, 46, 62, 69, 36, 61, 7, 63, 75, 5, 32, 4, 51, 48, 73, 93, 39, 67, 29, 49, 57, 33]
2025-11-26 13:48:07,593 [instantiator.py] => Created a temporary directory at /tmp/tmpsc_0t96t
2025-11-26 13:48:07,593 [instantiator.py] => Writing /tmp/tmpsc_0t96t/_remote_module_non_sriptable.py
2025-11-26 13:48:07,759 [factory.py] => Loaded ViT-B-16 model config.
2025-11-26 13:48:09,287 [factory.py] => Loading pretrained ViT-B-16 weights (laion400m_e32).
2025-11-26 13:48:09,579 [factory.py] => Loaded ViT-B-16 model config.
2025-11-26 13:48:10,769 [factory.py] => Loading pretrained ViT-B-16 weights (laion400m_e32).
2025-11-26 13:48:11,045 [adapter_clip.py] => Using AdapterClipNet with adapter configuration
2025-11-26 13:48:11,046 [trainer.py] => All params: 149752961
2025-11-26 13:48:11,046 [trainer.py] => Trainable params: 132224
2025-11-26 13:48:11,046 [adapter_clip.py] => Learning on 0-10
2025-11-26 13:57:47,862 [trainer.py] => config: ./exps/adapter.json
2025-11-26 13:57:47,863 [trainer.py] => prefix: reproduce
2025-11-26 13:57:47,863 [trainer.py] => dataset: cifar224
2025-11-26 13:57:47,863 [trainer.py] => memory_size: 0
2025-11-26 13:57:47,863 [trainer.py] => memory_per_class: 0
2025-11-26 13:57:47,863 [trainer.py] => fixed_memory: False
2025-11-26 13:57:47,863 [trainer.py] => shuffle: True
2025-11-26 13:57:47,863 [trainer.py] => init_cls: 10
2025-11-26 13:57:47,863 [trainer.py] => increment: 10
2025-11-26 13:57:47,863 [trainer.py] => model_name: adapter_clip
2025-11-26 13:57:47,863 [trainer.py] => convnet_type: clip
2025-11-26 13:57:47,863 [trainer.py] => init_lr: 0.001
2025-11-26 13:57:47,863 [trainer.py] => batch_size: 64
2025-11-26 13:57:47,863 [trainer.py] => weight_decay: 0.05
2025-11-26 13:57:47,863 [trainer.py] => min_lr: 0
2025-11-26 13:57:47,863 [trainer.py] => optimizer: sgd
2025-11-26 13:57:47,863 [trainer.py] => tuned_epoch: 10
2025-11-26 13:57:47,863 [trainer.py] => device: [device(type='cuda', index=0)]
2025-11-26 13:57:47,863 [trainer.py] => seed: 1993
2025-11-26 13:57:48,982 [data_manager.py] => [68, 56, 78, 8, 23, 84, 90, 65, 74, 76, 40, 89, 3, 92, 55, 9, 26, 80, 43, 38, 58, 70, 77, 1, 85, 19, 17, 50, 28, 53, 13, 81, 45, 82, 6, 59, 83, 16, 15, 44, 91, 41, 72, 60, 79, 52, 20, 10, 31, 54, 37, 95, 14, 71, 96, 98, 97, 2, 64, 66, 42, 22, 35, 86, 24, 34, 87, 21, 99, 0, 88, 27, 18, 94, 11, 12, 47, 25, 30, 46, 62, 69, 36, 61, 7, 63, 75, 5, 32, 4, 51, 48, 73, 93, 39, 67, 29, 49, 57, 33]
2025-11-26 13:57:49,573 [instantiator.py] => Created a temporary directory at /tmp/tmpwd3_mlm1
2025-11-26 13:57:49,573 [instantiator.py] => Writing /tmp/tmpwd3_mlm1/_remote_module_non_sriptable.py
2025-11-26 13:57:49,722 [factory.py] => Loaded ViT-B-16 model config.
2025-11-26 13:57:51,286 [factory.py] => Loading pretrained ViT-B-16 weights (laion400m_e32).
2025-11-26 13:57:51,601 [factory.py] => Loaded ViT-B-16 model config.
2025-11-26 13:57:52,804 [factory.py] => Loading pretrained ViT-B-16 weights (laion400m_e32).
2025-11-26 13:57:53,148 [adapter_clip.py] => Using AdapterClipNet with adapter configuration
2025-11-26 13:57:53,148 [trainer.py] => All params: 149752961
2025-11-26 13:57:53,149 [trainer.py] => Trainable params: 132224
2025-11-26 13:57:53,149 [adapter_clip.py] => Learning on 0-10
2025-11-26 14:04:54,173 [trainer.py] => CNN: {'total': 95.7, '00-09': 95.7, 'old': 0, 'new': 95.7, 'harmonic': 0.0}
2025-11-26 14:04:54,176 [trainer.py] => CNN top1 curve: [95.7]
2025-11-26 14:04:54,176 [trainer.py] => CNN top5 curve: [99.9]

2025-11-26 14:04:54,177 [trainer.py] => Average Accuracy (CNN): 95.7
2025-11-26 14:04:54,178 [trainer.py] => All params: 149752961
2025-11-26 14:04:54,178 [trainer.py] => Trainable params: 132224
2025-11-26 14:04:54,178 [adapter_clip.py] => Learning on 10-20
2025-11-26 14:09:54,666 [trainer.py] => config: ./exps/adapter.json
2025-11-26 14:09:54,666 [trainer.py] => prefix: reproduce
2025-11-26 14:09:54,666 [trainer.py] => dataset: cifar224
2025-11-26 14:09:54,666 [trainer.py] => memory_size: 0
2025-11-26 14:09:54,666 [trainer.py] => memory_per_class: 0
2025-11-26 14:09:54,666 [trainer.py] => fixed_memory: False
2025-11-26 14:09:54,666 [trainer.py] => shuffle: True
2025-11-26 14:09:54,666 [trainer.py] => init_cls: 10
2025-11-26 14:09:54,666 [trainer.py] => increment: 10
2025-11-26 14:09:54,666 [trainer.py] => model_name: adapter_clip
2025-11-26 14:09:54,666 [trainer.py] => convnet_type: clip
2025-11-26 14:09:54,667 [trainer.py] => init_lr: 0.001
2025-11-26 14:09:54,667 [trainer.py] => batch_size: 64
2025-11-26 14:09:54,667 [trainer.py] => weight_decay: 0.05
2025-11-26 14:09:54,667 [trainer.py] => min_lr: 0
2025-11-26 14:09:54,667 [trainer.py] => optimizer: sgd
2025-11-26 14:09:54,667 [trainer.py] => tuned_epoch: 10
2025-11-26 14:09:54,667 [trainer.py] => device: [device(type='cuda', index=0)]
2025-11-26 14:09:54,667 [trainer.py] => seed: 1993
2025-11-26 14:09:55,876 [data_manager.py] => [68, 56, 78, 8, 23, 84, 90, 65, 74, 76, 40, 89, 3, 92, 55, 9, 26, 80, 43, 38, 58, 70, 77, 1, 85, 19, 17, 50, 28, 53, 13, 81, 45, 82, 6, 59, 83, 16, 15, 44, 91, 41, 72, 60, 79, 52, 20, 10, 31, 54, 37, 95, 14, 71, 96, 98, 97, 2, 64, 66, 42, 22, 35, 86, 24, 34, 87, 21, 99, 0, 88, 27, 18, 94, 11, 12, 47, 25, 30, 46, 62, 69, 36, 61, 7, 63, 75, 5, 32, 4, 51, 48, 73, 93, 39, 67, 29, 49, 57, 33]
2025-11-26 14:09:56,423 [instantiator.py] => Created a temporary directory at /tmp/tmpaz0h37v7
2025-11-26 14:09:56,423 [instantiator.py] => Writing /tmp/tmpaz0h37v7/_remote_module_non_sriptable.py
2025-11-26 14:09:56,562 [factory.py] => Loaded ViT-B-16 model config.
2025-11-26 14:09:58,248 [factory.py] => Loading pretrained ViT-B-16 weights (laion400m_e32).
2025-11-26 14:09:58,570 [factory.py] => Loaded ViT-B-16 model config.
2025-11-26 14:09:59,736 [factory.py] => Loading pretrained ViT-B-16 weights (laion400m_e32).
2025-11-26 14:10:00,025 [adapter_clip.py] => Using AdapterClipNet with adapter configuration
2025-11-26 14:10:00,026 [trainer.py] => All params: 149752961
2025-11-26 14:10:00,026 [trainer.py] => Trainable params: 132224
2025-11-26 14:10:00,026 [adapter_clip.py] => Learning on 0-10
2025-11-26 14:12:41,491 [trainer.py] => config: ./exps/adapter.json
2025-11-26 14:12:41,491 [trainer.py] => prefix: reproduce
2025-11-26 14:12:41,491 [trainer.py] => dataset: cifar224
2025-11-26 14:12:41,491 [trainer.py] => memory_size: 0
2025-11-26 14:12:41,491 [trainer.py] => memory_per_class: 0
2025-11-26 14:12:41,491 [trainer.py] => fixed_memory: False
2025-11-26 14:12:41,491 [trainer.py] => shuffle: True
2025-11-26 14:12:41,491 [trainer.py] => init_cls: 10
2025-11-26 14:12:41,491 [trainer.py] => increment: 10
2025-11-26 14:12:41,491 [trainer.py] => model_name: adapter_clip
2025-11-26 14:12:41,491 [trainer.py] => convnet_type: clip
2025-11-26 14:12:41,491 [trainer.py] => init_lr: 0.001
2025-11-26 14:12:41,491 [trainer.py] => batch_size: 64
2025-11-26 14:12:41,491 [trainer.py] => weight_decay: 0.05
2025-11-26 14:12:41,491 [trainer.py] => min_lr: 0
2025-11-26 14:12:41,491 [trainer.py] => optimizer: sgd
2025-11-26 14:12:41,491 [trainer.py] => tuned_epoch: 10
2025-11-26 14:12:41,491 [trainer.py] => device: [device(type='cuda', index=0)]
2025-11-26 14:12:41,492 [trainer.py] => seed: 1993
2025-11-26 14:12:42,587 [data_manager.py] => [68, 56, 78, 8, 23, 84, 90, 65, 74, 76, 40, 89, 3, 92, 55, 9, 26, 80, 43, 38, 58, 70, 77, 1, 85, 19, 17, 50, 28, 53, 13, 81, 45, 82, 6, 59, 83, 16, 15, 44, 91, 41, 72, 60, 79, 52, 20, 10, 31, 54, 37, 95, 14, 71, 96, 98, 97, 2, 64, 66, 42, 22, 35, 86, 24, 34, 87, 21, 99, 0, 88, 27, 18, 94, 11, 12, 47, 25, 30, 46, 62, 69, 36, 61, 7, 63, 75, 5, 32, 4, 51, 48, 73, 93, 39, 67, 29, 49, 57, 33]
2025-11-26 14:12:43,131 [instantiator.py] => Created a temporary directory at /tmp/tmpfmve8nu1
2025-11-26 14:12:43,131 [instantiator.py] => Writing /tmp/tmpfmve8nu1/_remote_module_non_sriptable.py
2025-11-26 14:12:43,261 [factory.py] => Loaded ViT-B-16 model config.
2025-11-26 14:12:44,905 [factory.py] => Loading pretrained ViT-B-16 weights (laion400m_e32).
2025-11-26 14:12:45,227 [factory.py] => Loaded ViT-B-16 model config.
2025-11-26 14:12:54,732 [trainer.py] => config: ./exps/adapter.json
2025-11-26 14:12:54,732 [trainer.py] => prefix: reproduce
2025-11-26 14:12:54,732 [trainer.py] => dataset: cifar224
2025-11-26 14:12:54,732 [trainer.py] => memory_size: 0
2025-11-26 14:12:54,732 [trainer.py] => memory_per_class: 0
2025-11-26 14:12:54,732 [trainer.py] => fixed_memory: False
2025-11-26 14:12:54,732 [trainer.py] => shuffle: True
2025-11-26 14:12:54,732 [trainer.py] => init_cls: 10
2025-11-26 14:12:54,732 [trainer.py] => increment: 10
2025-11-26 14:12:54,732 [trainer.py] => model_name: adapter_clip
2025-11-26 14:12:54,732 [trainer.py] => convnet_type: clip
2025-11-26 14:12:54,732 [trainer.py] => init_lr: 0.001
2025-11-26 14:12:54,732 [trainer.py] => batch_size: 64
2025-11-26 14:12:54,732 [trainer.py] => weight_decay: 0.05
2025-11-26 14:12:54,732 [trainer.py] => min_lr: 0
2025-11-26 14:12:54,732 [trainer.py] => optimizer: sgd
2025-11-26 14:12:54,732 [trainer.py] => tuned_epoch: 10
2025-11-26 14:12:54,732 [trainer.py] => device: [device(type='cuda', index=0)]
2025-11-26 14:12:54,732 [trainer.py] => seed: 1993
2025-11-26 14:12:55,907 [data_manager.py] => [68, 56, 78, 8, 23, 84, 90, 65, 74, 76, 40, 89, 3, 92, 55, 9, 26, 80, 43, 38, 58, 70, 77, 1, 85, 19, 17, 50, 28, 53, 13, 81, 45, 82, 6, 59, 83, 16, 15, 44, 91, 41, 72, 60, 79, 52, 20, 10, 31, 54, 37, 95, 14, 71, 96, 98, 97, 2, 64, 66, 42, 22, 35, 86, 24, 34, 87, 21, 99, 0, 88, 27, 18, 94, 11, 12, 47, 25, 30, 46, 62, 69, 36, 61, 7, 63, 75, 5, 32, 4, 51, 48, 73, 93, 39, 67, 29, 49, 57, 33]
2025-11-26 14:12:56,243 [instantiator.py] => Created a temporary directory at /tmp/tmpezbjxvq5
2025-11-26 14:12:56,243 [instantiator.py] => Writing /tmp/tmpezbjxvq5/_remote_module_non_sriptable.py
2025-11-26 14:12:56,346 [factory.py] => Loaded ViT-B-16 model config.
2025-11-26 14:12:58,114 [factory.py] => Loading pretrained ViT-B-16 weights (laion400m_e32).
2025-11-26 14:12:58,407 [factory.py] => Loaded ViT-B-16 model config.
2025-11-26 14:12:59,569 [factory.py] => Loading pretrained ViT-B-16 weights (laion400m_e32).
2025-11-26 14:12:59,846 [adapter_clip.py] => Using AdapterClipNet with adapter configuration
2025-11-26 14:12:59,847 [trainer.py] => All params: 149752961
2025-11-26 14:12:59,847 [trainer.py] => Trainable params: 132224
2025-11-26 14:12:59,847 [adapter_clip.py] => Learning on 0-10
2025-11-26 14:14:47,441 [trainer.py] => config: ./exps/adapter.json
2025-11-26 14:14:47,442 [trainer.py] => prefix: reproduce
2025-11-26 14:14:47,442 [trainer.py] => dataset: cifar224
2025-11-26 14:14:47,442 [trainer.py] => memory_size: 0
2025-11-26 14:14:47,442 [trainer.py] => memory_per_class: 0
2025-11-26 14:14:47,442 [trainer.py] => fixed_memory: False
2025-11-26 14:14:47,442 [trainer.py] => shuffle: True
2025-11-26 14:14:47,442 [trainer.py] => init_cls: 10
2025-11-26 14:14:47,442 [trainer.py] => increment: 10
2025-11-26 14:14:47,442 [trainer.py] => model_name: adapter_clip
2025-11-26 14:14:47,442 [trainer.py] => convnet_type: clip
2025-11-26 14:14:47,442 [trainer.py] => init_lr: 0.001
2025-11-26 14:14:47,442 [trainer.py] => batch_size: 64
2025-11-26 14:14:47,442 [trainer.py] => weight_decay: 0.05
2025-11-26 14:14:47,442 [trainer.py] => min_lr: 0
2025-11-26 14:14:47,442 [trainer.py] => optimizer: sgd
2025-11-26 14:14:47,442 [trainer.py] => tuned_epoch: 10
2025-11-26 14:14:47,442 [trainer.py] => device: [device(type='cuda', index=0)]
2025-11-26 14:14:47,442 [trainer.py] => seed: 1993
2025-11-26 14:14:48,802 [data_manager.py] => [68, 56, 78, 8, 23, 84, 90, 65, 74, 76, 40, 89, 3, 92, 55, 9, 26, 80, 43, 38, 58, 70, 77, 1, 85, 19, 17, 50, 28, 53, 13, 81, 45, 82, 6, 59, 83, 16, 15, 44, 91, 41, 72, 60, 79, 52, 20, 10, 31, 54, 37, 95, 14, 71, 96, 98, 97, 2, 64, 66, 42, 22, 35, 86, 24, 34, 87, 21, 99, 0, 88, 27, 18, 94, 11, 12, 47, 25, 30, 46, 62, 69, 36, 61, 7, 63, 75, 5, 32, 4, 51, 48, 73, 93, 39, 67, 29, 49, 57, 33]
2025-11-26 14:14:49,340 [instantiator.py] => Created a temporary directory at /tmp/tmpe13ld_np
2025-11-26 14:14:49,341 [instantiator.py] => Writing /tmp/tmpe13ld_np/_remote_module_non_sriptable.py
2025-11-26 14:14:49,488 [factory.py] => Loaded ViT-B-16 model config.
2025-11-26 14:14:51,157 [factory.py] => Loading pretrained ViT-B-16 weights (laion400m_e32).
2025-11-26 14:14:51,426 [factory.py] => Loaded ViT-B-16 model config.
2025-11-26 14:14:53,397 [factory.py] => Loading pretrained ViT-B-16 weights (laion400m_e32).
2025-11-26 14:14:53,781 [adapter_clip.py] => Using AdapterClipNet with adapter configuration
2025-11-26 14:14:53,782 [trainer.py] => All params: 149752961
2025-11-26 14:14:53,782 [trainer.py] => Trainable params: 132224
2025-11-26 14:14:53,782 [adapter_clip.py] => Learning on 0-10
2025-11-26 14:15:30,849 [trainer.py] => config: ./exps/adapter.json
2025-11-26 14:15:30,849 [trainer.py] => prefix: reproduce
2025-11-26 14:15:30,849 [trainer.py] => dataset: cifar224
2025-11-26 14:15:30,849 [trainer.py] => memory_size: 0
2025-11-26 14:15:30,849 [trainer.py] => memory_per_class: 0
2025-11-26 14:15:30,849 [trainer.py] => fixed_memory: False
2025-11-26 14:15:30,849 [trainer.py] => shuffle: True
2025-11-26 14:15:30,849 [trainer.py] => init_cls: 10
2025-11-26 14:15:30,850 [trainer.py] => increment: 10
2025-11-26 14:15:30,850 [trainer.py] => model_name: adapter_clip
2025-11-26 14:15:30,850 [trainer.py] => convnet_type: clip
2025-11-26 14:15:30,850 [trainer.py] => init_lr: 0.001
2025-11-26 14:15:30,850 [trainer.py] => batch_size: 64
2025-11-26 14:15:30,850 [trainer.py] => weight_decay: 0.05
2025-11-26 14:15:30,850 [trainer.py] => min_lr: 0
2025-11-26 14:15:30,850 [trainer.py] => optimizer: sgd
2025-11-26 14:15:30,850 [trainer.py] => tuned_epoch: 10
2025-11-26 14:15:30,850 [trainer.py] => device: [device(type='cuda', index=0)]
2025-11-26 14:15:30,850 [trainer.py] => seed: 1993
2025-11-26 14:15:32,148 [data_manager.py] => [68, 56, 78, 8, 23, 84, 90, 65, 74, 76, 40, 89, 3, 92, 55, 9, 26, 80, 43, 38, 58, 70, 77, 1, 85, 19, 17, 50, 28, 53, 13, 81, 45, 82, 6, 59, 83, 16, 15, 44, 91, 41, 72, 60, 79, 52, 20, 10, 31, 54, 37, 95, 14, 71, 96, 98, 97, 2, 64, 66, 42, 22, 35, 86, 24, 34, 87, 21, 99, 0, 88, 27, 18, 94, 11, 12, 47, 25, 30, 46, 62, 69, 36, 61, 7, 63, 75, 5, 32, 4, 51, 48, 73, 93, 39, 67, 29, 49, 57, 33]
2025-11-26 14:15:32,639 [instantiator.py] => Created a temporary directory at /tmp/tmp707ec99l
2025-11-26 14:15:32,639 [instantiator.py] => Writing /tmp/tmp707ec99l/_remote_module_non_sriptable.py
2025-11-26 14:15:32,768 [factory.py] => Loaded ViT-B-16 model config.
2025-11-26 14:15:34,317 [factory.py] => Loading pretrained ViT-B-16 weights (laion400m_e32).
2025-11-26 14:15:34,556 [factory.py] => Loaded ViT-B-16 model config.
2025-11-26 14:15:35,756 [factory.py] => Loading pretrained ViT-B-16 weights (laion400m_e32).
2025-11-26 14:15:36,039 [adapter_clip.py] => Using AdapterClipNet with adapter configuration
2025-11-26 14:15:36,039 [trainer.py] => All params: 149752961
2025-11-26 14:15:36,039 [trainer.py] => Trainable params: 132224
2025-11-26 14:15:36,040 [adapter_clip.py] => Learning on 0-10
2025-11-26 14:15:47,417 [trainer.py] => config: ./exps/adapter.json
2025-11-26 14:15:47,418 [trainer.py] => prefix: reproduce
2025-11-26 14:15:47,418 [trainer.py] => dataset: cifar224
2025-11-26 14:15:47,418 [trainer.py] => memory_size: 0
2025-11-26 14:15:47,418 [trainer.py] => memory_per_class: 0
2025-11-26 14:15:47,418 [trainer.py] => fixed_memory: False
2025-11-26 14:15:47,418 [trainer.py] => shuffle: True
2025-11-26 14:15:47,418 [trainer.py] => init_cls: 10
2025-11-26 14:15:47,418 [trainer.py] => increment: 10
2025-11-26 14:15:47,418 [trainer.py] => model_name: adapter_clip
2025-11-26 14:15:47,418 [trainer.py] => convnet_type: clip
2025-11-26 14:15:47,418 [trainer.py] => init_lr: 0.001
2025-11-26 14:15:47,418 [trainer.py] => batch_size: 64
2025-11-26 14:15:47,418 [trainer.py] => weight_decay: 0.05
2025-11-26 14:15:47,418 [trainer.py] => min_lr: 0
2025-11-26 14:15:47,418 [trainer.py] => optimizer: sgd
2025-11-26 14:15:47,418 [trainer.py] => tuned_epoch: 10
2025-11-26 14:15:47,418 [trainer.py] => device: [device(type='cuda', index=0)]
2025-11-26 14:15:47,418 [trainer.py] => seed: 1993
2025-11-26 14:15:48,655 [data_manager.py] => [68, 56, 78, 8, 23, 84, 90, 65, 74, 76, 40, 89, 3, 92, 55, 9, 26, 80, 43, 38, 58, 70, 77, 1, 85, 19, 17, 50, 28, 53, 13, 81, 45, 82, 6, 59, 83, 16, 15, 44, 91, 41, 72, 60, 79, 52, 20, 10, 31, 54, 37, 95, 14, 71, 96, 98, 97, 2, 64, 66, 42, 22, 35, 86, 24, 34, 87, 21, 99, 0, 88, 27, 18, 94, 11, 12, 47, 25, 30, 46, 62, 69, 36, 61, 7, 63, 75, 5, 32, 4, 51, 48, 73, 93, 39, 67, 29, 49, 57, 33]
2025-11-26 14:15:49,094 [instantiator.py] => Created a temporary directory at /tmp/tmp1yvwcqfv
2025-11-26 14:15:49,094 [instantiator.py] => Writing /tmp/tmp1yvwcqfv/_remote_module_non_sriptable.py
2025-11-26 14:15:49,209 [factory.py] => Loaded ViT-B-16 model config.
2025-11-26 14:15:50,774 [factory.py] => Loading pretrained ViT-B-16 weights (laion400m_e32).
2025-11-26 14:15:51,023 [factory.py] => Loaded ViT-B-16 model config.
2025-11-26 14:15:54,125 [factory.py] => Loading pretrained ViT-B-16 weights (laion400m_e32).
2025-11-26 14:15:54,415 [adapter_clip.py] => Using AdapterClipNet with adapter configuration
2025-11-26 14:15:54,415 [trainer.py] => All params: 149752961
2025-11-26 14:15:54,416 [trainer.py] => Trainable params: 132224
2025-11-26 14:15:54,416 [adapter_clip.py] => Learning on 0-10
